[2024-11-13 21:24:03,242] multiqc                                            [DEBUG  ]  This is MultiQC v1.11
[2024-11-13 21:24:03,242] multiqc                                            [DEBUG  ]  No MultiQC config found: /mnt/ss/sib/ibu/rocky8/2023072800/software/MultiQC/1.11-foss-2021a/lib/python3.9/site-packages/multiqc_config.yaml
[2024-11-13 21:24:03,243] multiqc                                            [DEBUG  ]  No MultiQC config found: /home/sschaerer/.multiqc_config.yaml
[2024-11-13 21:24:03,243] multiqc                                            [DEBUG  ]  No MultiQC config found: multiqc_config.yaml
[2024-11-13 21:24:03,243] multiqc                                            [DEBUG  ]  Command used: /srv/ss/sib/ibu/rocky8/2023072800/software/MultiQC/1.11-foss-2021a/bin/multiqc -o /data/users/sschaerer/rnaseq_course/multiqc_results /data/users/sschaerer/rnaseq_course/fastqc_results
[2024-11-13 21:24:03,453] multiqc                                            [WARNING]  MultiQC Version v1.25.1 now available!
[2024-11-13 21:24:03,453] multiqc                                            [DEBUG  ]  Command     : /srv/ss/sib/ibu/rocky8/2023072800/software/MultiQC/1.11-foss-2021a/bin/multiqc -o /data/users/sschaerer/rnaseq_course/multiqc_results /data/users/sschaerer/rnaseq_course/fastqc_results
[2024-11-13 21:24:03,453] multiqc                                            [DEBUG  ]  Working dir : /data/users/sschaerer/rnaseq_course
[2024-11-13 21:24:03,453] multiqc                                            [DEBUG  ]  Template    : default
[2024-11-13 21:24:03,454] multiqc                                            [DEBUG  ]  Running Python 3.9.5 (default, Jul 28 2023, 20:01:25)  [GCC 10.3.0]
[2024-11-13 21:24:03,454] multiqc                                            [DEBUG  ]  Analysing modules: custom_content, ccs, ngsderive, purple, conpair, lima, peddy, somalier, methylQA, mosdepth, phantompeakqualtools, qualimap, preseq, quast, qorts, rna_seqc, rockhopper, rsem, rseqc, busco, bustools, goleft_indexcov, gffcompare, disambiguate, supernova, deeptools, sargasso, verifybamid, mirtrace, happy, mirtop, sambamba, homer, hops, macs2, theta2, snpeff, gatk, htseq, bcftools, featureCounts, fgbio, dragen, dedup, damageprofiler, biobambam2, jcvi, mtnucratio, picard, vep, sentieon, prokka, qc3C, nanostat, samblaster, samtools, sexdeterrmine, eigenstratdatabasetools, bamtools, jellyfish, vcftools, longranger, stacks, varscan2, snippy, bbmap, bismark, biscuit, hicexplorer, hicup, hicpro, salmon, kallisto, slamdunk, star, hisat2, tophat, bowtie2, bowtie1, snpsplit, odgi, pangolin, kat, leehom, adapterRemoval, clipandmerge, cutadapt, flexbar, kaiju, kraken, malt, trimmomatic, sickle, skewer, sortmerna, biobloomtools, fastq_screen, afterqc, fastp, fastqc, pychopper, pycoqc, minionqc, multivcfanalyzer, clusterflow, bcl2fastq, bclconvert, interop, ivar, flash, seqyclean, optitype
[2024-11-13 21:24:03,454] multiqc                                            [DEBUG  ]  Using temporary directory for creating report: /tmp/tmp9jm4v75s
[2024-11-13 21:24:03,754] multiqc                                            [INFO   ]  Search path : /data/users/sschaerer/rnaseq_course/fastqc_results
[2024-11-13 21:24:03,837] multiqc                                            [DEBUG  ]  File ignored by ccs/v4 because it exceeded search pattern filesize limit: SRR7821968_2_fastqc.html
[2024-11-13 21:24:03,838] multiqc                                            [DEBUG  ]  File ignored by hicexplorer because it exceeded search pattern filesize limit: SRR7821968_2_fastqc.html
[2024-11-13 21:24:03,839] multiqc                                            [DEBUG  ]  File ignored by nanostat because it exceeded search pattern filesize limit: SRR7821968_2_fastqc.html
[2024-11-13 21:24:03,839] multiqc                                            [DEBUG  ]  File ignored by lima/summary because it exceeded search pattern filesize limit: SRR7821968_2_fastqc.html
[2024-11-13 21:24:03,842] multiqc                                            [DEBUG  ]  File ignored by vep/vep_txt because it exceeded search pattern filesize limit: SRR7821968_2_fastqc.html
[2024-11-13 21:24:03,842] multiqc                                            [DEBUG  ]  File ignored by longranger/invocation because it exceeded search pattern filesize limit: SRR7821968_2_fastqc.html
[2024-11-13 21:24:03,842] multiqc                                            [DEBUG  ]  File ignored by rockhopper because it exceeded search pattern filesize limit: SRR7821968_2_fastqc.html
[2024-11-13 21:24:03,842] multiqc                                            [DEBUG  ]  File ignored by rseqc/bam_stat because it exceeded search pattern filesize limit: SRR7821968_2_fastqc.html
[2024-11-13 21:24:03,842] multiqc                                            [DEBUG  ]  File ignored by rseqc/junction_annotation because it exceeded search pattern filesize limit: SRR7821968_2_fastqc.html
[2024-11-13 21:24:03,842] multiqc                                            [DEBUG  ]  File ignored by rseqc/read_distribution because it exceeded search pattern filesize limit: SRR7821968_2_fastqc.html
[2024-11-13 21:24:03,842] multiqc                                            [DEBUG  ]  File ignored by rseqc/infer_experiment because it exceeded search pattern filesize limit: SRR7821968_2_fastqc.html
[2024-11-13 21:24:04,166] multiqc                                            [DEBUG  ]  File ignored by ccs/v4 because it exceeded search pattern filesize limit: SRR7821922_2_fastqc.html
[2024-11-13 21:24:04,167] multiqc                                            [DEBUG  ]  File ignored by hicexplorer because it exceeded search pattern filesize limit: SRR7821922_2_fastqc.html
[2024-11-13 21:24:04,167] multiqc                                            [DEBUG  ]  File ignored by nanostat because it exceeded search pattern filesize limit: SRR7821922_2_fastqc.html
[2024-11-13 21:24:04,167] multiqc                                            [DEBUG  ]  File ignored by lima/summary because it exceeded search pattern filesize limit: SRR7821922_2_fastqc.html
[2024-11-13 21:24:04,173] multiqc                                            [DEBUG  ]  File ignored by vep/vep_txt because it exceeded search pattern filesize limit: SRR7821922_2_fastqc.html
[2024-11-13 21:24:04,173] multiqc                                            [DEBUG  ]  File ignored by longranger/invocation because it exceeded search pattern filesize limit: SRR7821922_2_fastqc.html
[2024-11-13 21:24:04,173] multiqc                                            [DEBUG  ]  File ignored by rockhopper because it exceeded search pattern filesize limit: SRR7821922_2_fastqc.html
[2024-11-13 21:24:04,173] multiqc                                            [DEBUG  ]  File ignored by rseqc/bam_stat because it exceeded search pattern filesize limit: SRR7821922_2_fastqc.html
[2024-11-13 21:24:04,173] multiqc                                            [DEBUG  ]  File ignored by rseqc/junction_annotation because it exceeded search pattern filesize limit: SRR7821922_2_fastqc.html
[2024-11-13 21:24:04,173] multiqc                                            [DEBUG  ]  File ignored by rseqc/read_distribution because it exceeded search pattern filesize limit: SRR7821922_2_fastqc.html
[2024-11-13 21:24:04,173] multiqc                                            [DEBUG  ]  File ignored by rseqc/infer_experiment because it exceeded search pattern filesize limit: SRR7821922_2_fastqc.html
[2024-11-13 21:24:04,849] multiqc                                            [DEBUG  ]  File ignored by ccs/v4 because it exceeded search pattern filesize limit: SRR7821921_2_fastqc.html
[2024-11-13 21:24:04,851] multiqc                                            [DEBUG  ]  File ignored by hicexplorer because it exceeded search pattern filesize limit: SRR7821921_2_fastqc.html
[2024-11-13 21:24:04,851] multiqc                                            [DEBUG  ]  File ignored by nanostat because it exceeded search pattern filesize limit: SRR7821921_2_fastqc.html
[2024-11-13 21:24:04,851] multiqc                                            [DEBUG  ]  File ignored by lima/summary because it exceeded search pattern filesize limit: SRR7821921_2_fastqc.html
[2024-11-13 21:24:04,854] multiqc                                            [DEBUG  ]  File ignored by vep/vep_txt because it exceeded search pattern filesize limit: SRR7821921_2_fastqc.html
[2024-11-13 21:24:04,854] multiqc                                            [DEBUG  ]  File ignored by longranger/invocation because it exceeded search pattern filesize limit: SRR7821921_2_fastqc.html
[2024-11-13 21:24:04,854] multiqc                                            [DEBUG  ]  File ignored by rockhopper because it exceeded search pattern filesize limit: SRR7821921_2_fastqc.html
[2024-11-13 21:24:04,854] multiqc                                            [DEBUG  ]  File ignored by rseqc/bam_stat because it exceeded search pattern filesize limit: SRR7821921_2_fastqc.html
[2024-11-13 21:24:04,854] multiqc                                            [DEBUG  ]  File ignored by rseqc/junction_annotation because it exceeded search pattern filesize limit: SRR7821921_2_fastqc.html
[2024-11-13 21:24:04,854] multiqc                                            [DEBUG  ]  File ignored by rseqc/read_distribution because it exceeded search pattern filesize limit: SRR7821921_2_fastqc.html
[2024-11-13 21:24:04,854] multiqc                                            [DEBUG  ]  File ignored by rseqc/infer_experiment because it exceeded search pattern filesize limit: SRR7821921_2_fastqc.html
[2024-11-13 21:24:04,970] multiqc                                            [DEBUG  ]  File ignored by ccs/v4 because it exceeded search pattern filesize limit: SRR7821950_1_fastqc.html
[2024-11-13 21:24:04,972] multiqc                                            [DEBUG  ]  File ignored by hicexplorer because it exceeded search pattern filesize limit: SRR7821950_1_fastqc.html
[2024-11-13 21:24:04,972] multiqc                                            [DEBUG  ]  File ignored by nanostat because it exceeded search pattern filesize limit: SRR7821950_1_fastqc.html
[2024-11-13 21:24:04,972] multiqc                                            [DEBUG  ]  File ignored by lima/summary because it exceeded search pattern filesize limit: SRR7821950_1_fastqc.html
[2024-11-13 21:24:04,975] multiqc                                            [DEBUG  ]  File ignored by vep/vep_txt because it exceeded search pattern filesize limit: SRR7821950_1_fastqc.html
[2024-11-13 21:24:04,975] multiqc                                            [DEBUG  ]  File ignored by longranger/invocation because it exceeded search pattern filesize limit: SRR7821950_1_fastqc.html
[2024-11-13 21:24:04,975] multiqc                                            [DEBUG  ]  File ignored by rockhopper because it exceeded search pattern filesize limit: SRR7821950_1_fastqc.html
[2024-11-13 21:24:04,975] multiqc                                            [DEBUG  ]  File ignored by rseqc/bam_stat because it exceeded search pattern filesize limit: SRR7821950_1_fastqc.html
[2024-11-13 21:24:04,975] multiqc                                            [DEBUG  ]  File ignored by rseqc/junction_annotation because it exceeded search pattern filesize limit: SRR7821950_1_fastqc.html
[2024-11-13 21:24:04,975] multiqc                                            [DEBUG  ]  File ignored by rseqc/read_distribution because it exceeded search pattern filesize limit: SRR7821950_1_fastqc.html
[2024-11-13 21:24:04,975] multiqc                                            [DEBUG  ]  File ignored by rseqc/infer_experiment because it exceeded search pattern filesize limit: SRR7821950_1_fastqc.html
[2024-11-13 21:24:05,825] multiqc                                            [DEBUG  ]  File ignored by ccs/v4 because it exceeded search pattern filesize limit: SRR7821951_1_fastqc.html
[2024-11-13 21:24:05,826] multiqc                                            [DEBUG  ]  File ignored by hicexplorer because it exceeded search pattern filesize limit: SRR7821951_1_fastqc.html
[2024-11-13 21:24:05,826] multiqc                                            [DEBUG  ]  File ignored by nanostat because it exceeded search pattern filesize limit: SRR7821951_1_fastqc.html
[2024-11-13 21:24:05,826] multiqc                                            [DEBUG  ]  File ignored by lima/summary because it exceeded search pattern filesize limit: SRR7821951_1_fastqc.html
[2024-11-13 21:24:05,829] multiqc                                            [DEBUG  ]  File ignored by vep/vep_txt because it exceeded search pattern filesize limit: SRR7821951_1_fastqc.html
[2024-11-13 21:24:05,829] multiqc                                            [DEBUG  ]  File ignored by longranger/invocation because it exceeded search pattern filesize limit: SRR7821951_1_fastqc.html
[2024-11-13 21:24:05,829] multiqc                                            [DEBUG  ]  File ignored by rockhopper because it exceeded search pattern filesize limit: SRR7821951_1_fastqc.html
[2024-11-13 21:24:05,829] multiqc                                            [DEBUG  ]  File ignored by rseqc/bam_stat because it exceeded search pattern filesize limit: SRR7821951_1_fastqc.html
[2024-11-13 21:24:05,829] multiqc                                            [DEBUG  ]  File ignored by rseqc/junction_annotation because it exceeded search pattern filesize limit: SRR7821951_1_fastqc.html
[2024-11-13 21:24:05,829] multiqc                                            [DEBUG  ]  File ignored by rseqc/read_distribution because it exceeded search pattern filesize limit: SRR7821951_1_fastqc.html
[2024-11-13 21:24:05,829] multiqc                                            [DEBUG  ]  File ignored by rseqc/infer_experiment because it exceeded search pattern filesize limit: SRR7821951_1_fastqc.html
[2024-11-13 21:24:06,152] multiqc                                            [DEBUG  ]  File ignored by ccs/v4 because it exceeded search pattern filesize limit: SRR7821921_1_fastqc.html
[2024-11-13 21:24:06,154] multiqc                                            [DEBUG  ]  File ignored by hicexplorer because it exceeded search pattern filesize limit: SRR7821921_1_fastqc.html
[2024-11-13 21:24:06,154] multiqc                                            [DEBUG  ]  File ignored by nanostat because it exceeded search pattern filesize limit: SRR7821921_1_fastqc.html
[2024-11-13 21:24:06,154] multiqc                                            [DEBUG  ]  File ignored by lima/summary because it exceeded search pattern filesize limit: SRR7821921_1_fastqc.html
[2024-11-13 21:24:06,157] multiqc                                            [DEBUG  ]  File ignored by vep/vep_txt because it exceeded search pattern filesize limit: SRR7821921_1_fastqc.html
[2024-11-13 21:24:06,157] multiqc                                            [DEBUG  ]  File ignored by longranger/invocation because it exceeded search pattern filesize limit: SRR7821921_1_fastqc.html
[2024-11-13 21:24:06,157] multiqc                                            [DEBUG  ]  File ignored by rockhopper because it exceeded search pattern filesize limit: SRR7821921_1_fastqc.html
[2024-11-13 21:24:06,157] multiqc                                            [DEBUG  ]  File ignored by rseqc/bam_stat because it exceeded search pattern filesize limit: SRR7821921_1_fastqc.html
[2024-11-13 21:24:06,157] multiqc                                            [DEBUG  ]  File ignored by rseqc/junction_annotation because it exceeded search pattern filesize limit: SRR7821921_1_fastqc.html
[2024-11-13 21:24:06,157] multiqc                                            [DEBUG  ]  File ignored by rseqc/read_distribution because it exceeded search pattern filesize limit: SRR7821921_1_fastqc.html
[2024-11-13 21:24:06,157] multiqc                                            [DEBUG  ]  File ignored by rseqc/infer_experiment because it exceeded search pattern filesize limit: SRR7821921_1_fastqc.html
[2024-11-13 21:24:06,249] multiqc                                            [DEBUG  ]  File ignored by ccs/v4 because it exceeded search pattern filesize limit: SRR7821938_2_fastqc.html
[2024-11-13 21:24:06,251] multiqc                                            [DEBUG  ]  File ignored by hicexplorer because it exceeded search pattern filesize limit: SRR7821938_2_fastqc.html
[2024-11-13 21:24:06,251] multiqc                                            [DEBUG  ]  File ignored by nanostat because it exceeded search pattern filesize limit: SRR7821938_2_fastqc.html
[2024-11-13 21:24:06,251] multiqc                                            [DEBUG  ]  File ignored by lima/summary because it exceeded search pattern filesize limit: SRR7821938_2_fastqc.html
[2024-11-13 21:24:06,255] multiqc                                            [DEBUG  ]  File ignored by vep/vep_txt because it exceeded search pattern filesize limit: SRR7821938_2_fastqc.html
[2024-11-13 21:24:06,255] multiqc                                            [DEBUG  ]  File ignored by longranger/invocation because it exceeded search pattern filesize limit: SRR7821938_2_fastqc.html
[2024-11-13 21:24:06,255] multiqc                                            [DEBUG  ]  File ignored by rockhopper because it exceeded search pattern filesize limit: SRR7821938_2_fastqc.html
[2024-11-13 21:24:06,255] multiqc                                            [DEBUG  ]  File ignored by rseqc/bam_stat because it exceeded search pattern filesize limit: SRR7821938_2_fastqc.html
[2024-11-13 21:24:06,255] multiqc                                            [DEBUG  ]  File ignored by rseqc/junction_annotation because it exceeded search pattern filesize limit: SRR7821938_2_fastqc.html
[2024-11-13 21:24:06,255] multiqc                                            [DEBUG  ]  File ignored by rseqc/read_distribution because it exceeded search pattern filesize limit: SRR7821938_2_fastqc.html
[2024-11-13 21:24:06,255] multiqc                                            [DEBUG  ]  File ignored by rseqc/infer_experiment because it exceeded search pattern filesize limit: SRR7821938_2_fastqc.html
[2024-11-13 21:24:06,382] multiqc                                            [DEBUG  ]  File ignored by ccs/v4 because it exceeded search pattern filesize limit: SRR7821939_1_fastqc.html
[2024-11-13 21:24:06,383] multiqc                                            [DEBUG  ]  File ignored by hicexplorer because it exceeded search pattern filesize limit: SRR7821939_1_fastqc.html
[2024-11-13 21:24:06,383] multiqc                                            [DEBUG  ]  File ignored by nanostat because it exceeded search pattern filesize limit: SRR7821939_1_fastqc.html
[2024-11-13 21:24:06,384] multiqc                                            [DEBUG  ]  File ignored by lima/summary because it exceeded search pattern filesize limit: SRR7821939_1_fastqc.html
[2024-11-13 21:24:06,387] multiqc                                            [DEBUG  ]  File ignored by vep/vep_txt because it exceeded search pattern filesize limit: SRR7821939_1_fastqc.html
[2024-11-13 21:24:06,387] multiqc                                            [DEBUG  ]  File ignored by longranger/invocation because it exceeded search pattern filesize limit: SRR7821939_1_fastqc.html
[2024-11-13 21:24:06,387] multiqc                                            [DEBUG  ]  File ignored by rockhopper because it exceeded search pattern filesize limit: SRR7821939_1_fastqc.html
[2024-11-13 21:24:06,387] multiqc                                            [DEBUG  ]  File ignored by rseqc/bam_stat because it exceeded search pattern filesize limit: SRR7821939_1_fastqc.html
[2024-11-13 21:24:06,387] multiqc                                            [DEBUG  ]  File ignored by rseqc/junction_annotation because it exceeded search pattern filesize limit: SRR7821939_1_fastqc.html
[2024-11-13 21:24:06,387] multiqc                                            [DEBUG  ]  File ignored by rseqc/read_distribution because it exceeded search pattern filesize limit: SRR7821939_1_fastqc.html
[2024-11-13 21:24:06,387] multiqc                                            [DEBUG  ]  File ignored by rseqc/infer_experiment because it exceeded search pattern filesize limit: SRR7821939_1_fastqc.html
[2024-11-13 21:24:06,592] multiqc                                            [DEBUG  ]  File ignored by ccs/v4 because it exceeded search pattern filesize limit: SRR7821919_1_fastqc.html
[2024-11-13 21:24:06,593] multiqc                                            [DEBUG  ]  File ignored by hicexplorer because it exceeded search pattern filesize limit: SRR7821919_1_fastqc.html
[2024-11-13 21:24:06,593] multiqc                                            [DEBUG  ]  File ignored by nanostat because it exceeded search pattern filesize limit: SRR7821919_1_fastqc.html
[2024-11-13 21:24:06,593] multiqc                                            [DEBUG  ]  File ignored by lima/summary because it exceeded search pattern filesize limit: SRR7821919_1_fastqc.html
[2024-11-13 21:24:06,595] multiqc                                            [DEBUG  ]  File ignored by vep/vep_txt because it exceeded search pattern filesize limit: SRR7821919_1_fastqc.html
[2024-11-13 21:24:06,595] multiqc                                            [DEBUG  ]  File ignored by longranger/invocation because it exceeded search pattern filesize limit: SRR7821919_1_fastqc.html
[2024-11-13 21:24:06,596] multiqc                                            [DEBUG  ]  File ignored by rockhopper because it exceeded search pattern filesize limit: SRR7821919_1_fastqc.html
[2024-11-13 21:24:06,596] multiqc                                            [DEBUG  ]  File ignored by rseqc/bam_stat because it exceeded search pattern filesize limit: SRR7821919_1_fastqc.html
[2024-11-13 21:24:06,596] multiqc                                            [DEBUG  ]  File ignored by rseqc/junction_annotation because it exceeded search pattern filesize limit: SRR7821919_1_fastqc.html
[2024-11-13 21:24:06,596] multiqc                                            [DEBUG  ]  File ignored by rseqc/read_distribution because it exceeded search pattern filesize limit: SRR7821919_1_fastqc.html
[2024-11-13 21:24:06,596] multiqc                                            [DEBUG  ]  File ignored by rseqc/infer_experiment because it exceeded search pattern filesize limit: SRR7821919_1_fastqc.html
[2024-11-13 21:24:06,937] multiqc                                            [DEBUG  ]  File ignored by ccs/v4 because it exceeded search pattern filesize limit: SRR7821938_1_fastqc.html
[2024-11-13 21:24:06,938] multiqc                                            [DEBUG  ]  File ignored by hicexplorer because it exceeded search pattern filesize limit: SRR7821938_1_fastqc.html
[2024-11-13 21:24:06,938] multiqc                                            [DEBUG  ]  File ignored by nanostat because it exceeded search pattern filesize limit: SRR7821938_1_fastqc.html
[2024-11-13 21:24:06,938] multiqc                                            [DEBUG  ]  File ignored by lima/summary because it exceeded search pattern filesize limit: SRR7821938_1_fastqc.html
[2024-11-13 21:24:06,941] multiqc                                            [DEBUG  ]  File ignored by vep/vep_txt because it exceeded search pattern filesize limit: SRR7821938_1_fastqc.html
[2024-11-13 21:24:06,941] multiqc                                            [DEBUG  ]  File ignored by longranger/invocation because it exceeded search pattern filesize limit: SRR7821938_1_fastqc.html
[2024-11-13 21:24:06,941] multiqc                                            [DEBUG  ]  File ignored by rockhopper because it exceeded search pattern filesize limit: SRR7821938_1_fastqc.html
[2024-11-13 21:24:06,941] multiqc                                            [DEBUG  ]  File ignored by rseqc/bam_stat because it exceeded search pattern filesize limit: SRR7821938_1_fastqc.html
[2024-11-13 21:24:06,941] multiqc                                            [DEBUG  ]  File ignored by rseqc/junction_annotation because it exceeded search pattern filesize limit: SRR7821938_1_fastqc.html
[2024-11-13 21:24:06,941] multiqc                                            [DEBUG  ]  File ignored by rseqc/read_distribution because it exceeded search pattern filesize limit: SRR7821938_1_fastqc.html
[2024-11-13 21:24:06,941] multiqc                                            [DEBUG  ]  File ignored by rseqc/infer_experiment because it exceeded search pattern filesize limit: SRR7821938_1_fastqc.html
[2024-11-13 21:24:07,346] multiqc                                            [DEBUG  ]  File ignored by ccs/v4 because it exceeded search pattern filesize limit: SRR7821952_1_fastqc.html
[2024-11-13 21:24:07,348] multiqc                                            [DEBUG  ]  File ignored by hicexplorer because it exceeded search pattern filesize limit: SRR7821952_1_fastqc.html
[2024-11-13 21:24:07,348] multiqc                                            [DEBUG  ]  File ignored by nanostat because it exceeded search pattern filesize limit: SRR7821952_1_fastqc.html
[2024-11-13 21:24:07,348] multiqc                                            [DEBUG  ]  File ignored by lima/summary because it exceeded search pattern filesize limit: SRR7821952_1_fastqc.html
[2024-11-13 21:24:07,350] multiqc                                            [DEBUG  ]  File ignored by vep/vep_txt because it exceeded search pattern filesize limit: SRR7821952_1_fastqc.html
[2024-11-13 21:24:07,351] multiqc                                            [DEBUG  ]  File ignored by longranger/invocation because it exceeded search pattern filesize limit: SRR7821952_1_fastqc.html
[2024-11-13 21:24:07,351] multiqc                                            [DEBUG  ]  File ignored by rockhopper because it exceeded search pattern filesize limit: SRR7821952_1_fastqc.html
[2024-11-13 21:24:07,351] multiqc                                            [DEBUG  ]  File ignored by rseqc/bam_stat because it exceeded search pattern filesize limit: SRR7821952_1_fastqc.html
[2024-11-13 21:24:07,351] multiqc                                            [DEBUG  ]  File ignored by rseqc/junction_annotation because it exceeded search pattern filesize limit: SRR7821952_1_fastqc.html
[2024-11-13 21:24:07,351] multiqc                                            [DEBUG  ]  File ignored by rseqc/read_distribution because it exceeded search pattern filesize limit: SRR7821952_1_fastqc.html
[2024-11-13 21:24:07,351] multiqc                                            [DEBUG  ]  File ignored by rseqc/infer_experiment because it exceeded search pattern filesize limit: SRR7821952_1_fastqc.html
[2024-11-13 21:24:07,498] multiqc                                            [DEBUG  ]  File ignored by ccs/v4 because it exceeded search pattern filesize limit: SRR7821920_1_fastqc.html
[2024-11-13 21:24:07,500] multiqc                                            [DEBUG  ]  File ignored by hicexplorer because it exceeded search pattern filesize limit: SRR7821920_1_fastqc.html
[2024-11-13 21:24:07,500] multiqc                                            [DEBUG  ]  File ignored by nanostat because it exceeded search pattern filesize limit: SRR7821920_1_fastqc.html
[2024-11-13 21:24:07,500] multiqc                                            [DEBUG  ]  File ignored by lima/summary because it exceeded search pattern filesize limit: SRR7821920_1_fastqc.html
[2024-11-13 21:24:07,503] multiqc                                            [DEBUG  ]  File ignored by vep/vep_txt because it exceeded search pattern filesize limit: SRR7821920_1_fastqc.html
[2024-11-13 21:24:07,503] multiqc                                            [DEBUG  ]  File ignored by longranger/invocation because it exceeded search pattern filesize limit: SRR7821920_1_fastqc.html
[2024-11-13 21:24:07,503] multiqc                                            [DEBUG  ]  File ignored by rockhopper because it exceeded search pattern filesize limit: SRR7821920_1_fastqc.html
[2024-11-13 21:24:07,503] multiqc                                            [DEBUG  ]  File ignored by rseqc/bam_stat because it exceeded search pattern filesize limit: SRR7821920_1_fastqc.html
[2024-11-13 21:24:07,503] multiqc                                            [DEBUG  ]  File ignored by rseqc/junction_annotation because it exceeded search pattern filesize limit: SRR7821920_1_fastqc.html
[2024-11-13 21:24:07,503] multiqc                                            [DEBUG  ]  File ignored by rseqc/read_distribution because it exceeded search pattern filesize limit: SRR7821920_1_fastqc.html
[2024-11-13 21:24:07,503] multiqc                                            [DEBUG  ]  File ignored by rseqc/infer_experiment because it exceeded search pattern filesize limit: SRR7821920_1_fastqc.html
[2024-11-13 21:24:07,692] multiqc                                            [DEBUG  ]  File ignored by ccs/v4 because it exceeded search pattern filesize limit: SRR7821919_2_fastqc.html
[2024-11-13 21:24:07,693] multiqc                                            [DEBUG  ]  File ignored by hicexplorer because it exceeded search pattern filesize limit: SRR7821919_2_fastqc.html
[2024-11-13 21:24:07,693] multiqc                                            [DEBUG  ]  File ignored by nanostat because it exceeded search pattern filesize limit: SRR7821919_2_fastqc.html
[2024-11-13 21:24:07,693] multiqc                                            [DEBUG  ]  File ignored by lima/summary because it exceeded search pattern filesize limit: SRR7821919_2_fastqc.html
[2024-11-13 21:24:07,696] multiqc                                            [DEBUG  ]  File ignored by vep/vep_txt because it exceeded search pattern filesize limit: SRR7821919_2_fastqc.html
[2024-11-13 21:24:07,696] multiqc                                            [DEBUG  ]  File ignored by longranger/invocation because it exceeded search pattern filesize limit: SRR7821919_2_fastqc.html
[2024-11-13 21:24:07,696] multiqc                                            [DEBUG  ]  File ignored by rockhopper because it exceeded search pattern filesize limit: SRR7821919_2_fastqc.html
[2024-11-13 21:24:07,696] multiqc                                            [DEBUG  ]  File ignored by rseqc/bam_stat because it exceeded search pattern filesize limit: SRR7821919_2_fastqc.html
[2024-11-13 21:24:07,696] multiqc                                            [DEBUG  ]  File ignored by rseqc/junction_annotation because it exceeded search pattern filesize limit: SRR7821919_2_fastqc.html
[2024-11-13 21:24:07,696] multiqc                                            [DEBUG  ]  File ignored by rseqc/read_distribution because it exceeded search pattern filesize limit: SRR7821919_2_fastqc.html
[2024-11-13 21:24:07,696] multiqc                                            [DEBUG  ]  File ignored by rseqc/infer_experiment because it exceeded search pattern filesize limit: SRR7821919_2_fastqc.html
[2024-11-13 21:24:07,849] multiqc                                            [DEBUG  ]  File ignored by ccs/v4 because it exceeded search pattern filesize limit: SRR7821918_2_fastqc.html
[2024-11-13 21:24:07,853] multiqc                                            [DEBUG  ]  File ignored by hicexplorer because it exceeded search pattern filesize limit: SRR7821918_2_fastqc.html
[2024-11-13 21:24:07,853] multiqc                                            [DEBUG  ]  File ignored by nanostat because it exceeded search pattern filesize limit: SRR7821918_2_fastqc.html
[2024-11-13 21:24:07,853] multiqc                                            [DEBUG  ]  File ignored by lima/summary because it exceeded search pattern filesize limit: SRR7821918_2_fastqc.html
[2024-11-13 21:24:07,857] multiqc                                            [DEBUG  ]  File ignored by vep/vep_txt because it exceeded search pattern filesize limit: SRR7821918_2_fastqc.html
[2024-11-13 21:24:07,857] multiqc                                            [DEBUG  ]  File ignored by longranger/invocation because it exceeded search pattern filesize limit: SRR7821918_2_fastqc.html
[2024-11-13 21:24:07,857] multiqc                                            [DEBUG  ]  File ignored by rockhopper because it exceeded search pattern filesize limit: SRR7821918_2_fastqc.html
[2024-11-13 21:24:07,857] multiqc                                            [DEBUG  ]  File ignored by rseqc/bam_stat because it exceeded search pattern filesize limit: SRR7821918_2_fastqc.html
[2024-11-13 21:24:07,857] multiqc                                            [DEBUG  ]  File ignored by rseqc/junction_annotation because it exceeded search pattern filesize limit: SRR7821918_2_fastqc.html
[2024-11-13 21:24:07,857] multiqc                                            [DEBUG  ]  File ignored by rseqc/read_distribution because it exceeded search pattern filesize limit: SRR7821918_2_fastqc.html
[2024-11-13 21:24:07,857] multiqc                                            [DEBUG  ]  File ignored by rseqc/infer_experiment because it exceeded search pattern filesize limit: SRR7821918_2_fastqc.html
[2024-11-13 21:24:08,003] multiqc                                            [DEBUG  ]  File ignored by ccs/v4 because it exceeded search pattern filesize limit: SRR7821969_2_fastqc.html
[2024-11-13 21:24:08,004] multiqc                                            [DEBUG  ]  File ignored by hicexplorer because it exceeded search pattern filesize limit: SRR7821969_2_fastqc.html
[2024-11-13 21:24:08,005] multiqc                                            [DEBUG  ]  File ignored by nanostat because it exceeded search pattern filesize limit: SRR7821969_2_fastqc.html
[2024-11-13 21:24:08,005] multiqc                                            [DEBUG  ]  File ignored by lima/summary because it exceeded search pattern filesize limit: SRR7821969_2_fastqc.html
[2024-11-13 21:24:08,007] multiqc                                            [DEBUG  ]  File ignored by vep/vep_txt because it exceeded search pattern filesize limit: SRR7821969_2_fastqc.html
[2024-11-13 21:24:08,007] multiqc                                            [DEBUG  ]  File ignored by longranger/invocation because it exceeded search pattern filesize limit: SRR7821969_2_fastqc.html
[2024-11-13 21:24:08,008] multiqc                                            [DEBUG  ]  File ignored by rockhopper because it exceeded search pattern filesize limit: SRR7821969_2_fastqc.html
[2024-11-13 21:24:08,008] multiqc                                            [DEBUG  ]  File ignored by rseqc/bam_stat because it exceeded search pattern filesize limit: SRR7821969_2_fastqc.html
[2024-11-13 21:24:08,008] multiqc                                            [DEBUG  ]  File ignored by rseqc/junction_annotation because it exceeded search pattern filesize limit: SRR7821969_2_fastqc.html
[2024-11-13 21:24:08,008] multiqc                                            [DEBUG  ]  File ignored by rseqc/read_distribution because it exceeded search pattern filesize limit: SRR7821969_2_fastqc.html
[2024-11-13 21:24:08,008] multiqc                                            [DEBUG  ]  File ignored by rseqc/infer_experiment because it exceeded search pattern filesize limit: SRR7821969_2_fastqc.html
[2024-11-13 21:24:08,170] multiqc                                            [DEBUG  ]  File ignored by ccs/v4 because it exceeded search pattern filesize limit: SRR7821970_2_fastqc.html
[2024-11-13 21:24:08,172] multiqc                                            [DEBUG  ]  File ignored by hicexplorer because it exceeded search pattern filesize limit: SRR7821970_2_fastqc.html
[2024-11-13 21:24:08,172] multiqc                                            [DEBUG  ]  File ignored by nanostat because it exceeded search pattern filesize limit: SRR7821970_2_fastqc.html
[2024-11-13 21:24:08,172] multiqc                                            [DEBUG  ]  File ignored by lima/summary because it exceeded search pattern filesize limit: SRR7821970_2_fastqc.html
[2024-11-13 21:24:08,174] multiqc                                            [DEBUG  ]  File ignored by vep/vep_txt because it exceeded search pattern filesize limit: SRR7821970_2_fastqc.html
[2024-11-13 21:24:08,174] multiqc                                            [DEBUG  ]  File ignored by longranger/invocation because it exceeded search pattern filesize limit: SRR7821970_2_fastqc.html
[2024-11-13 21:24:08,174] multiqc                                            [DEBUG  ]  File ignored by rockhopper because it exceeded search pattern filesize limit: SRR7821970_2_fastqc.html
[2024-11-13 21:24:08,174] multiqc                                            [DEBUG  ]  File ignored by rseqc/bam_stat because it exceeded search pattern filesize limit: SRR7821970_2_fastqc.html
[2024-11-13 21:24:08,174] multiqc                                            [DEBUG  ]  File ignored by rseqc/junction_annotation because it exceeded search pattern filesize limit: SRR7821970_2_fastqc.html
[2024-11-13 21:24:08,175] multiqc                                            [DEBUG  ]  File ignored by rseqc/read_distribution because it exceeded search pattern filesize limit: SRR7821970_2_fastqc.html
[2024-11-13 21:24:08,175] multiqc                                            [DEBUG  ]  File ignored by rseqc/infer_experiment because it exceeded search pattern filesize limit: SRR7821970_2_fastqc.html
[2024-11-13 21:24:08,443] multiqc                                            [DEBUG  ]  File ignored by ccs/v4 because it exceeded search pattern filesize limit: SRR7821937_1_fastqc.html
[2024-11-13 21:24:08,444] multiqc                                            [DEBUG  ]  File ignored by hicexplorer because it exceeded search pattern filesize limit: SRR7821937_1_fastqc.html
[2024-11-13 21:24:08,445] multiqc                                            [DEBUG  ]  File ignored by nanostat because it exceeded search pattern filesize limit: SRR7821937_1_fastqc.html
[2024-11-13 21:24:08,445] multiqc                                            [DEBUG  ]  File ignored by lima/summary because it exceeded search pattern filesize limit: SRR7821937_1_fastqc.html
[2024-11-13 21:24:08,447] multiqc                                            [DEBUG  ]  File ignored by vep/vep_txt because it exceeded search pattern filesize limit: SRR7821937_1_fastqc.html
[2024-11-13 21:24:08,447] multiqc                                            [DEBUG  ]  File ignored by longranger/invocation because it exceeded search pattern filesize limit: SRR7821937_1_fastqc.html
[2024-11-13 21:24:08,447] multiqc                                            [DEBUG  ]  File ignored by rockhopper because it exceeded search pattern filesize limit: SRR7821937_1_fastqc.html
[2024-11-13 21:24:08,447] multiqc                                            [DEBUG  ]  File ignored by rseqc/bam_stat because it exceeded search pattern filesize limit: SRR7821937_1_fastqc.html
[2024-11-13 21:24:08,447] multiqc                                            [DEBUG  ]  File ignored by rseqc/junction_annotation because it exceeded search pattern filesize limit: SRR7821937_1_fastqc.html
[2024-11-13 21:24:08,447] multiqc                                            [DEBUG  ]  File ignored by rseqc/read_distribution because it exceeded search pattern filesize limit: SRR7821937_1_fastqc.html
[2024-11-13 21:24:08,447] multiqc                                            [DEBUG  ]  File ignored by rseqc/infer_experiment because it exceeded search pattern filesize limit: SRR7821937_1_fastqc.html
[2024-11-13 21:24:08,869] multiqc                                            [DEBUG  ]  File ignored by ccs/v4 because it exceeded search pattern filesize limit: SRR7821949_2_fastqc.html
[2024-11-13 21:24:08,870] multiqc                                            [DEBUG  ]  File ignored by hicexplorer because it exceeded search pattern filesize limit: SRR7821949_2_fastqc.html
[2024-11-13 21:24:08,871] multiqc                                            [DEBUG  ]  File ignored by nanostat because it exceeded search pattern filesize limit: SRR7821949_2_fastqc.html
[2024-11-13 21:24:08,871] multiqc                                            [DEBUG  ]  File ignored by lima/summary because it exceeded search pattern filesize limit: SRR7821949_2_fastqc.html
[2024-11-13 21:24:08,873] multiqc                                            [DEBUG  ]  File ignored by vep/vep_txt because it exceeded search pattern filesize limit: SRR7821949_2_fastqc.html
[2024-11-13 21:24:08,873] multiqc                                            [DEBUG  ]  File ignored by longranger/invocation because it exceeded search pattern filesize limit: SRR7821949_2_fastqc.html
[2024-11-13 21:24:08,873] multiqc                                            [DEBUG  ]  File ignored by rockhopper because it exceeded search pattern filesize limit: SRR7821949_2_fastqc.html
[2024-11-13 21:24:08,873] multiqc                                            [DEBUG  ]  File ignored by rseqc/bam_stat because it exceeded search pattern filesize limit: SRR7821949_2_fastqc.html
[2024-11-13 21:24:08,873] multiqc                                            [DEBUG  ]  File ignored by rseqc/junction_annotation because it exceeded search pattern filesize limit: SRR7821949_2_fastqc.html
[2024-11-13 21:24:08,873] multiqc                                            [DEBUG  ]  File ignored by rseqc/read_distribution because it exceeded search pattern filesize limit: SRR7821949_2_fastqc.html
[2024-11-13 21:24:08,873] multiqc                                            [DEBUG  ]  File ignored by rseqc/infer_experiment because it exceeded search pattern filesize limit: SRR7821949_2_fastqc.html
[2024-11-13 21:24:09,060] multiqc                                            [DEBUG  ]  File ignored by ccs/v4 because it exceeded search pattern filesize limit: SRR7821952_2_fastqc.html
[2024-11-13 21:24:09,061] multiqc                                            [DEBUG  ]  File ignored by hicexplorer because it exceeded search pattern filesize limit: SRR7821952_2_fastqc.html
[2024-11-13 21:24:09,061] multiqc                                            [DEBUG  ]  File ignored by nanostat because it exceeded search pattern filesize limit: SRR7821952_2_fastqc.html
[2024-11-13 21:24:09,061] multiqc                                            [DEBUG  ]  File ignored by lima/summary because it exceeded search pattern filesize limit: SRR7821952_2_fastqc.html
[2024-11-13 21:24:09,065] multiqc                                            [DEBUG  ]  File ignored by vep/vep_txt because it exceeded search pattern filesize limit: SRR7821952_2_fastqc.html
[2024-11-13 21:24:09,065] multiqc                                            [DEBUG  ]  File ignored by longranger/invocation because it exceeded search pattern filesize limit: SRR7821952_2_fastqc.html
[2024-11-13 21:24:09,065] multiqc                                            [DEBUG  ]  File ignored by rockhopper because it exceeded search pattern filesize limit: SRR7821952_2_fastqc.html
[2024-11-13 21:24:09,065] multiqc                                            [DEBUG  ]  File ignored by rseqc/bam_stat because it exceeded search pattern filesize limit: SRR7821952_2_fastqc.html
[2024-11-13 21:24:09,065] multiqc                                            [DEBUG  ]  File ignored by rseqc/junction_annotation because it exceeded search pattern filesize limit: SRR7821952_2_fastqc.html
[2024-11-13 21:24:09,065] multiqc                                            [DEBUG  ]  File ignored by rseqc/read_distribution because it exceeded search pattern filesize limit: SRR7821952_2_fastqc.html
[2024-11-13 21:24:09,065] multiqc                                            [DEBUG  ]  File ignored by rseqc/infer_experiment because it exceeded search pattern filesize limit: SRR7821952_2_fastqc.html
[2024-11-13 21:24:09,514] multiqc                                            [DEBUG  ]  File ignored by ccs/v4 because it exceeded search pattern filesize limit: SRR7821953_2_fastqc.html
[2024-11-13 21:24:09,515] multiqc                                            [DEBUG  ]  File ignored by hicexplorer because it exceeded search pattern filesize limit: SRR7821953_2_fastqc.html
[2024-11-13 21:24:09,515] multiqc                                            [DEBUG  ]  File ignored by nanostat because it exceeded search pattern filesize limit: SRR7821953_2_fastqc.html
[2024-11-13 21:24:09,515] multiqc                                            [DEBUG  ]  File ignored by lima/summary because it exceeded search pattern filesize limit: SRR7821953_2_fastqc.html
[2024-11-13 21:24:09,517] multiqc                                            [DEBUG  ]  File ignored by vep/vep_txt because it exceeded search pattern filesize limit: SRR7821953_2_fastqc.html
[2024-11-13 21:24:09,518] multiqc                                            [DEBUG  ]  File ignored by longranger/invocation because it exceeded search pattern filesize limit: SRR7821953_2_fastqc.html
[2024-11-13 21:24:09,518] multiqc                                            [DEBUG  ]  File ignored by rockhopper because it exceeded search pattern filesize limit: SRR7821953_2_fastqc.html
[2024-11-13 21:24:09,518] multiqc                                            [DEBUG  ]  File ignored by rseqc/bam_stat because it exceeded search pattern filesize limit: SRR7821953_2_fastqc.html
[2024-11-13 21:24:09,518] multiqc                                            [DEBUG  ]  File ignored by rseqc/junction_annotation because it exceeded search pattern filesize limit: SRR7821953_2_fastqc.html
[2024-11-13 21:24:09,518] multiqc                                            [DEBUG  ]  File ignored by rseqc/read_distribution because it exceeded search pattern filesize limit: SRR7821953_2_fastqc.html
[2024-11-13 21:24:09,518] multiqc                                            [DEBUG  ]  File ignored by rseqc/infer_experiment because it exceeded search pattern filesize limit: SRR7821953_2_fastqc.html
[2024-11-13 21:24:10,016] multiqc                                            [DEBUG  ]  File ignored by ccs/v4 because it exceeded search pattern filesize limit: SRR7821918_1_fastqc.html
[2024-11-13 21:24:10,018] multiqc                                            [DEBUG  ]  File ignored by hicexplorer because it exceeded search pattern filesize limit: SRR7821918_1_fastqc.html
[2024-11-13 21:24:10,018] multiqc                                            [DEBUG  ]  File ignored by nanostat because it exceeded search pattern filesize limit: SRR7821918_1_fastqc.html
[2024-11-13 21:24:10,018] multiqc                                            [DEBUG  ]  File ignored by lima/summary because it exceeded search pattern filesize limit: SRR7821918_1_fastqc.html
[2024-11-13 21:24:10,021] multiqc                                            [DEBUG  ]  File ignored by vep/vep_txt because it exceeded search pattern filesize limit: SRR7821918_1_fastqc.html
[2024-11-13 21:24:10,021] multiqc                                            [DEBUG  ]  File ignored by longranger/invocation because it exceeded search pattern filesize limit: SRR7821918_1_fastqc.html
[2024-11-13 21:24:10,021] multiqc                                            [DEBUG  ]  File ignored by rockhopper because it exceeded search pattern filesize limit: SRR7821918_1_fastqc.html
[2024-11-13 21:24:10,021] multiqc                                            [DEBUG  ]  File ignored by rseqc/bam_stat because it exceeded search pattern filesize limit: SRR7821918_1_fastqc.html
[2024-11-13 21:24:10,021] multiqc                                            [DEBUG  ]  File ignored by rseqc/junction_annotation because it exceeded search pattern filesize limit: SRR7821918_1_fastqc.html
[2024-11-13 21:24:10,021] multiqc                                            [DEBUG  ]  File ignored by rseqc/read_distribution because it exceeded search pattern filesize limit: SRR7821918_1_fastqc.html
[2024-11-13 21:24:10,021] multiqc                                            [DEBUG  ]  File ignored by rseqc/infer_experiment because it exceeded search pattern filesize limit: SRR7821918_1_fastqc.html
[2024-11-13 21:24:10,341] multiqc                                            [DEBUG  ]  File ignored by ccs/v4 because it exceeded search pattern filesize limit: SRR7821969_1_fastqc.html
[2024-11-13 21:24:10,342] multiqc                                            [DEBUG  ]  File ignored by hicexplorer because it exceeded search pattern filesize limit: SRR7821969_1_fastqc.html
[2024-11-13 21:24:10,342] multiqc                                            [DEBUG  ]  File ignored by nanostat because it exceeded search pattern filesize limit: SRR7821969_1_fastqc.html
[2024-11-13 21:24:10,342] multiqc                                            [DEBUG  ]  File ignored by lima/summary because it exceeded search pattern filesize limit: SRR7821969_1_fastqc.html
[2024-11-13 21:24:10,345] multiqc                                            [DEBUG  ]  File ignored by vep/vep_txt because it exceeded search pattern filesize limit: SRR7821969_1_fastqc.html
[2024-11-13 21:24:10,345] multiqc                                            [DEBUG  ]  File ignored by longranger/invocation because it exceeded search pattern filesize limit: SRR7821969_1_fastqc.html
[2024-11-13 21:24:10,345] multiqc                                            [DEBUG  ]  File ignored by rockhopper because it exceeded search pattern filesize limit: SRR7821969_1_fastqc.html
[2024-11-13 21:24:10,345] multiqc                                            [DEBUG  ]  File ignored by rseqc/bam_stat because it exceeded search pattern filesize limit: SRR7821969_1_fastqc.html
[2024-11-13 21:24:10,345] multiqc                                            [DEBUG  ]  File ignored by rseqc/junction_annotation because it exceeded search pattern filesize limit: SRR7821969_1_fastqc.html
[2024-11-13 21:24:10,345] multiqc                                            [DEBUG  ]  File ignored by rseqc/read_distribution because it exceeded search pattern filesize limit: SRR7821969_1_fastqc.html
[2024-11-13 21:24:10,345] multiqc                                            [DEBUG  ]  File ignored by rseqc/infer_experiment because it exceeded search pattern filesize limit: SRR7821969_1_fastqc.html
[2024-11-13 21:24:10,496] multiqc                                            [DEBUG  ]  File ignored by ccs/v4 because it exceeded search pattern filesize limit: SRR7821950_2_fastqc.html
[2024-11-13 21:24:10,497] multiqc                                            [DEBUG  ]  File ignored by hicexplorer because it exceeded search pattern filesize limit: SRR7821950_2_fastqc.html
[2024-11-13 21:24:10,498] multiqc                                            [DEBUG  ]  File ignored by nanostat because it exceeded search pattern filesize limit: SRR7821950_2_fastqc.html
[2024-11-13 21:24:10,498] multiqc                                            [DEBUG  ]  File ignored by lima/summary because it exceeded search pattern filesize limit: SRR7821950_2_fastqc.html
[2024-11-13 21:24:10,500] multiqc                                            [DEBUG  ]  File ignored by vep/vep_txt because it exceeded search pattern filesize limit: SRR7821950_2_fastqc.html
[2024-11-13 21:24:10,500] multiqc                                            [DEBUG  ]  File ignored by longranger/invocation because it exceeded search pattern filesize limit: SRR7821950_2_fastqc.html
[2024-11-13 21:24:10,500] multiqc                                            [DEBUG  ]  File ignored by rockhopper because it exceeded search pattern filesize limit: SRR7821950_2_fastqc.html
[2024-11-13 21:24:10,500] multiqc                                            [DEBUG  ]  File ignored by rseqc/bam_stat because it exceeded search pattern filesize limit: SRR7821950_2_fastqc.html
[2024-11-13 21:24:10,500] multiqc                                            [DEBUG  ]  File ignored by rseqc/junction_annotation because it exceeded search pattern filesize limit: SRR7821950_2_fastqc.html
[2024-11-13 21:24:10,500] multiqc                                            [DEBUG  ]  File ignored by rseqc/read_distribution because it exceeded search pattern filesize limit: SRR7821950_2_fastqc.html
[2024-11-13 21:24:10,500] multiqc                                            [DEBUG  ]  File ignored by rseqc/infer_experiment because it exceeded search pattern filesize limit: SRR7821950_2_fastqc.html
[2024-11-13 21:24:10,761] multiqc                                            [DEBUG  ]  File ignored by ccs/v4 because it exceeded search pattern filesize limit: SRR7821968_1_fastqc.html
[2024-11-13 21:24:10,763] multiqc                                            [DEBUG  ]  File ignored by hicexplorer because it exceeded search pattern filesize limit: SRR7821968_1_fastqc.html
[2024-11-13 21:24:10,763] multiqc                                            [DEBUG  ]  File ignored by nanostat because it exceeded search pattern filesize limit: SRR7821968_1_fastqc.html
[2024-11-13 21:24:10,763] multiqc                                            [DEBUG  ]  File ignored by lima/summary because it exceeded search pattern filesize limit: SRR7821968_1_fastqc.html
[2024-11-13 21:24:10,765] multiqc                                            [DEBUG  ]  File ignored by vep/vep_txt because it exceeded search pattern filesize limit: SRR7821968_1_fastqc.html
[2024-11-13 21:24:10,765] multiqc                                            [DEBUG  ]  File ignored by longranger/invocation because it exceeded search pattern filesize limit: SRR7821968_1_fastqc.html
[2024-11-13 21:24:10,765] multiqc                                            [DEBUG  ]  File ignored by rockhopper because it exceeded search pattern filesize limit: SRR7821968_1_fastqc.html
[2024-11-13 21:24:10,765] multiqc                                            [DEBUG  ]  File ignored by rseqc/bam_stat because it exceeded search pattern filesize limit: SRR7821968_1_fastqc.html
[2024-11-13 21:24:10,765] multiqc                                            [DEBUG  ]  File ignored by rseqc/junction_annotation because it exceeded search pattern filesize limit: SRR7821968_1_fastqc.html
[2024-11-13 21:24:10,765] multiqc                                            [DEBUG  ]  File ignored by rseqc/read_distribution because it exceeded search pattern filesize limit: SRR7821968_1_fastqc.html
[2024-11-13 21:24:10,765] multiqc                                            [DEBUG  ]  File ignored by rseqc/infer_experiment because it exceeded search pattern filesize limit: SRR7821968_1_fastqc.html
[2024-11-13 21:24:10,902] multiqc                                            [DEBUG  ]  File ignored by ccs/v4 because it exceeded search pattern filesize limit: SRR7821970_1_fastqc.html
[2024-11-13 21:24:10,903] multiqc                                            [DEBUG  ]  File ignored by hicexplorer because it exceeded search pattern filesize limit: SRR7821970_1_fastqc.html
[2024-11-13 21:24:10,904] multiqc                                            [DEBUG  ]  File ignored by nanostat because it exceeded search pattern filesize limit: SRR7821970_1_fastqc.html
[2024-11-13 21:24:10,904] multiqc                                            [DEBUG  ]  File ignored by lima/summary because it exceeded search pattern filesize limit: SRR7821970_1_fastqc.html
[2024-11-13 21:24:10,906] multiqc                                            [DEBUG  ]  File ignored by vep/vep_txt because it exceeded search pattern filesize limit: SRR7821970_1_fastqc.html
[2024-11-13 21:24:10,906] multiqc                                            [DEBUG  ]  File ignored by longranger/invocation because it exceeded search pattern filesize limit: SRR7821970_1_fastqc.html
[2024-11-13 21:24:10,906] multiqc                                            [DEBUG  ]  File ignored by rockhopper because it exceeded search pattern filesize limit: SRR7821970_1_fastqc.html
[2024-11-13 21:24:10,906] multiqc                                            [DEBUG  ]  File ignored by rseqc/bam_stat because it exceeded search pattern filesize limit: SRR7821970_1_fastqc.html
[2024-11-13 21:24:10,906] multiqc                                            [DEBUG  ]  File ignored by rseqc/junction_annotation because it exceeded search pattern filesize limit: SRR7821970_1_fastqc.html
[2024-11-13 21:24:10,906] multiqc                                            [DEBUG  ]  File ignored by rseqc/read_distribution because it exceeded search pattern filesize limit: SRR7821970_1_fastqc.html
[2024-11-13 21:24:10,906] multiqc                                            [DEBUG  ]  File ignored by rseqc/infer_experiment because it exceeded search pattern filesize limit: SRR7821970_1_fastqc.html
[2024-11-13 21:24:11,257] multiqc                                            [DEBUG  ]  File ignored by ccs/v4 because it exceeded search pattern filesize limit: SRR7821949_1_fastqc.html
[2024-11-13 21:24:11,258] multiqc                                            [DEBUG  ]  File ignored by hicexplorer because it exceeded search pattern filesize limit: SRR7821949_1_fastqc.html
[2024-11-13 21:24:11,259] multiqc                                            [DEBUG  ]  File ignored by nanostat because it exceeded search pattern filesize limit: SRR7821949_1_fastqc.html
[2024-11-13 21:24:11,259] multiqc                                            [DEBUG  ]  File ignored by lima/summary because it exceeded search pattern filesize limit: SRR7821949_1_fastqc.html
[2024-11-13 21:24:11,261] multiqc                                            [DEBUG  ]  File ignored by vep/vep_txt because it exceeded search pattern filesize limit: SRR7821949_1_fastqc.html
[2024-11-13 21:24:11,261] multiqc                                            [DEBUG  ]  File ignored by longranger/invocation because it exceeded search pattern filesize limit: SRR7821949_1_fastqc.html
[2024-11-13 21:24:11,261] multiqc                                            [DEBUG  ]  File ignored by rockhopper because it exceeded search pattern filesize limit: SRR7821949_1_fastqc.html
[2024-11-13 21:24:11,261] multiqc                                            [DEBUG  ]  File ignored by rseqc/bam_stat because it exceeded search pattern filesize limit: SRR7821949_1_fastqc.html
[2024-11-13 21:24:11,261] multiqc                                            [DEBUG  ]  File ignored by rseqc/junction_annotation because it exceeded search pattern filesize limit: SRR7821949_1_fastqc.html
[2024-11-13 21:24:11,261] multiqc                                            [DEBUG  ]  File ignored by rseqc/read_distribution because it exceeded search pattern filesize limit: SRR7821949_1_fastqc.html
[2024-11-13 21:24:11,261] multiqc                                            [DEBUG  ]  File ignored by rseqc/infer_experiment because it exceeded search pattern filesize limit: SRR7821949_1_fastqc.html
[2024-11-13 21:24:11,503] multiqc                                            [DEBUG  ]  File ignored by ccs/v4 because it exceeded search pattern filesize limit: SRR7821953_1_fastqc.html
[2024-11-13 21:24:11,504] multiqc                                            [DEBUG  ]  File ignored by hicexplorer because it exceeded search pattern filesize limit: SRR7821953_1_fastqc.html
[2024-11-13 21:24:11,504] multiqc                                            [DEBUG  ]  File ignored by nanostat because it exceeded search pattern filesize limit: SRR7821953_1_fastqc.html
[2024-11-13 21:24:11,504] multiqc                                            [DEBUG  ]  File ignored by lima/summary because it exceeded search pattern filesize limit: SRR7821953_1_fastqc.html
[2024-11-13 21:24:11,507] multiqc                                            [DEBUG  ]  File ignored by vep/vep_txt because it exceeded search pattern filesize limit: SRR7821953_1_fastqc.html
[2024-11-13 21:24:11,507] multiqc                                            [DEBUG  ]  File ignored by longranger/invocation because it exceeded search pattern filesize limit: SRR7821953_1_fastqc.html
[2024-11-13 21:24:11,507] multiqc                                            [DEBUG  ]  File ignored by rockhopper because it exceeded search pattern filesize limit: SRR7821953_1_fastqc.html
[2024-11-13 21:24:11,507] multiqc                                            [DEBUG  ]  File ignored by rseqc/bam_stat because it exceeded search pattern filesize limit: SRR7821953_1_fastqc.html
[2024-11-13 21:24:11,507] multiqc                                            [DEBUG  ]  File ignored by rseqc/junction_annotation because it exceeded search pattern filesize limit: SRR7821953_1_fastqc.html
[2024-11-13 21:24:11,507] multiqc                                            [DEBUG  ]  File ignored by rseqc/read_distribution because it exceeded search pattern filesize limit: SRR7821953_1_fastqc.html
[2024-11-13 21:24:11,507] multiqc                                            [DEBUG  ]  File ignored by rseqc/infer_experiment because it exceeded search pattern filesize limit: SRR7821953_1_fastqc.html
[2024-11-13 21:24:11,726] multiqc                                            [DEBUG  ]  File ignored by ccs/v4 because it exceeded search pattern filesize limit: SRR7821939_2_fastqc.html
[2024-11-13 21:24:11,727] multiqc                                            [DEBUG  ]  File ignored by hicexplorer because it exceeded search pattern filesize limit: SRR7821939_2_fastqc.html
[2024-11-13 21:24:11,727] multiqc                                            [DEBUG  ]  File ignored by nanostat because it exceeded search pattern filesize limit: SRR7821939_2_fastqc.html
[2024-11-13 21:24:11,727] multiqc                                            [DEBUG  ]  File ignored by lima/summary because it exceeded search pattern filesize limit: SRR7821939_2_fastqc.html
[2024-11-13 21:24:11,730] multiqc                                            [DEBUG  ]  File ignored by vep/vep_txt because it exceeded search pattern filesize limit: SRR7821939_2_fastqc.html
[2024-11-13 21:24:11,730] multiqc                                            [DEBUG  ]  File ignored by longranger/invocation because it exceeded search pattern filesize limit: SRR7821939_2_fastqc.html
[2024-11-13 21:24:11,730] multiqc                                            [DEBUG  ]  File ignored by rockhopper because it exceeded search pattern filesize limit: SRR7821939_2_fastqc.html
[2024-11-13 21:24:11,730] multiqc                                            [DEBUG  ]  File ignored by rseqc/bam_stat because it exceeded search pattern filesize limit: SRR7821939_2_fastqc.html
[2024-11-13 21:24:11,730] multiqc                                            [DEBUG  ]  File ignored by rseqc/junction_annotation because it exceeded search pattern filesize limit: SRR7821939_2_fastqc.html
[2024-11-13 21:24:11,730] multiqc                                            [DEBUG  ]  File ignored by rseqc/read_distribution because it exceeded search pattern filesize limit: SRR7821939_2_fastqc.html
[2024-11-13 21:24:11,730] multiqc                                            [DEBUG  ]  File ignored by rseqc/infer_experiment because it exceeded search pattern filesize limit: SRR7821939_2_fastqc.html
[2024-11-13 21:24:11,930] multiqc                                            [DEBUG  ]  File ignored by ccs/v4 because it exceeded search pattern filesize limit: SRR7821951_2_fastqc.html
[2024-11-13 21:24:11,932] multiqc                                            [DEBUG  ]  File ignored by hicexplorer because it exceeded search pattern filesize limit: SRR7821951_2_fastqc.html
[2024-11-13 21:24:11,932] multiqc                                            [DEBUG  ]  File ignored by nanostat because it exceeded search pattern filesize limit: SRR7821951_2_fastqc.html
[2024-11-13 21:24:11,932] multiqc                                            [DEBUG  ]  File ignored by lima/summary because it exceeded search pattern filesize limit: SRR7821951_2_fastqc.html
[2024-11-13 21:24:11,934] multiqc                                            [DEBUG  ]  File ignored by vep/vep_txt because it exceeded search pattern filesize limit: SRR7821951_2_fastqc.html
[2024-11-13 21:24:11,934] multiqc                                            [DEBUG  ]  File ignored by longranger/invocation because it exceeded search pattern filesize limit: SRR7821951_2_fastqc.html
[2024-11-13 21:24:11,934] multiqc                                            [DEBUG  ]  File ignored by rockhopper because it exceeded search pattern filesize limit: SRR7821951_2_fastqc.html
[2024-11-13 21:24:11,934] multiqc                                            [DEBUG  ]  File ignored by rseqc/bam_stat because it exceeded search pattern filesize limit: SRR7821951_2_fastqc.html
[2024-11-13 21:24:11,934] multiqc                                            [DEBUG  ]  File ignored by rseqc/junction_annotation because it exceeded search pattern filesize limit: SRR7821951_2_fastqc.html
[2024-11-13 21:24:11,934] multiqc                                            [DEBUG  ]  File ignored by rseqc/read_distribution because it exceeded search pattern filesize limit: SRR7821951_2_fastqc.html
[2024-11-13 21:24:11,934] multiqc                                            [DEBUG  ]  File ignored by rseqc/infer_experiment because it exceeded search pattern filesize limit: SRR7821951_2_fastqc.html
[2024-11-13 21:24:12,098] multiqc                                            [DEBUG  ]  File ignored by ccs/v4 because it exceeded search pattern filesize limit: SRR7821922_1_fastqc.html
[2024-11-13 21:24:12,099] multiqc                                            [DEBUG  ]  File ignored by hicexplorer because it exceeded search pattern filesize limit: SRR7821922_1_fastqc.html
[2024-11-13 21:24:12,100] multiqc                                            [DEBUG  ]  File ignored by nanostat because it exceeded search pattern filesize limit: SRR7821922_1_fastqc.html
[2024-11-13 21:24:12,100] multiqc                                            [DEBUG  ]  File ignored by lima/summary because it exceeded search pattern filesize limit: SRR7821922_1_fastqc.html
[2024-11-13 21:24:12,102] multiqc                                            [DEBUG  ]  File ignored by vep/vep_txt because it exceeded search pattern filesize limit: SRR7821922_1_fastqc.html
[2024-11-13 21:24:12,102] multiqc                                            [DEBUG  ]  File ignored by longranger/invocation because it exceeded search pattern filesize limit: SRR7821922_1_fastqc.html
[2024-11-13 21:24:12,102] multiqc                                            [DEBUG  ]  File ignored by rockhopper because it exceeded search pattern filesize limit: SRR7821922_1_fastqc.html
[2024-11-13 21:24:12,102] multiqc                                            [DEBUG  ]  File ignored by rseqc/bam_stat because it exceeded search pattern filesize limit: SRR7821922_1_fastqc.html
[2024-11-13 21:24:12,102] multiqc                                            [DEBUG  ]  File ignored by rseqc/junction_annotation because it exceeded search pattern filesize limit: SRR7821922_1_fastqc.html
[2024-11-13 21:24:12,102] multiqc                                            [DEBUG  ]  File ignored by rseqc/read_distribution because it exceeded search pattern filesize limit: SRR7821922_1_fastqc.html
[2024-11-13 21:24:12,102] multiqc                                            [DEBUG  ]  File ignored by rseqc/infer_experiment because it exceeded search pattern filesize limit: SRR7821922_1_fastqc.html
[2024-11-13 21:24:12,477] multiqc                                            [DEBUG  ]  File ignored by ccs/v4 because it exceeded search pattern filesize limit: SRR7821920_2_fastqc.html
[2024-11-13 21:24:12,478] multiqc                                            [DEBUG  ]  File ignored by hicexplorer because it exceeded search pattern filesize limit: SRR7821920_2_fastqc.html
[2024-11-13 21:24:12,478] multiqc                                            [DEBUG  ]  File ignored by nanostat because it exceeded search pattern filesize limit: SRR7821920_2_fastqc.html
[2024-11-13 21:24:12,478] multiqc                                            [DEBUG  ]  File ignored by lima/summary because it exceeded search pattern filesize limit: SRR7821920_2_fastqc.html
[2024-11-13 21:24:12,482] multiqc                                            [DEBUG  ]  File ignored by vep/vep_txt because it exceeded search pattern filesize limit: SRR7821920_2_fastqc.html
[2024-11-13 21:24:12,482] multiqc                                            [DEBUG  ]  File ignored by longranger/invocation because it exceeded search pattern filesize limit: SRR7821920_2_fastqc.html
[2024-11-13 21:24:12,482] multiqc                                            [DEBUG  ]  File ignored by rockhopper because it exceeded search pattern filesize limit: SRR7821920_2_fastqc.html
[2024-11-13 21:24:12,482] multiqc                                            [DEBUG  ]  File ignored by rseqc/bam_stat because it exceeded search pattern filesize limit: SRR7821920_2_fastqc.html
[2024-11-13 21:24:12,482] multiqc                                            [DEBUG  ]  File ignored by rseqc/junction_annotation because it exceeded search pattern filesize limit: SRR7821920_2_fastqc.html
[2024-11-13 21:24:12,483] multiqc                                            [DEBUG  ]  File ignored by rseqc/read_distribution because it exceeded search pattern filesize limit: SRR7821920_2_fastqc.html
[2024-11-13 21:24:12,483] multiqc                                            [DEBUG  ]  File ignored by rseqc/infer_experiment because it exceeded search pattern filesize limit: SRR7821920_2_fastqc.html
[2024-11-13 21:24:12,755] multiqc                                            [DEBUG  ]  File ignored by ccs/v4 because it exceeded search pattern filesize limit: SRR7821937_2_fastqc.html
[2024-11-13 21:24:12,757] multiqc                                            [DEBUG  ]  File ignored by hicexplorer because it exceeded search pattern filesize limit: SRR7821937_2_fastqc.html
[2024-11-13 21:24:12,757] multiqc                                            [DEBUG  ]  File ignored by nanostat because it exceeded search pattern filesize limit: SRR7821937_2_fastqc.html
[2024-11-13 21:24:12,757] multiqc                                            [DEBUG  ]  File ignored by lima/summary because it exceeded search pattern filesize limit: SRR7821937_2_fastqc.html
[2024-11-13 21:24:12,760] multiqc                                            [DEBUG  ]  File ignored by vep/vep_txt because it exceeded search pattern filesize limit: SRR7821937_2_fastqc.html
[2024-11-13 21:24:12,760] multiqc                                            [DEBUG  ]  File ignored by longranger/invocation because it exceeded search pattern filesize limit: SRR7821937_2_fastqc.html
[2024-11-13 21:24:12,760] multiqc                                            [DEBUG  ]  File ignored by rockhopper because it exceeded search pattern filesize limit: SRR7821937_2_fastqc.html
[2024-11-13 21:24:12,760] multiqc                                            [DEBUG  ]  File ignored by rseqc/bam_stat because it exceeded search pattern filesize limit: SRR7821937_2_fastqc.html
[2024-11-13 21:24:12,760] multiqc                                            [DEBUG  ]  File ignored by rseqc/junction_annotation because it exceeded search pattern filesize limit: SRR7821937_2_fastqc.html
[2024-11-13 21:24:12,760] multiqc                                            [DEBUG  ]  File ignored by rseqc/read_distribution because it exceeded search pattern filesize limit: SRR7821937_2_fastqc.html
[2024-11-13 21:24:12,760] multiqc                                            [DEBUG  ]  File ignored by rseqc/infer_experiment because it exceeded search pattern filesize limit: SRR7821937_2_fastqc.html
[2024-11-13 21:24:14,542] multiqc.plots.bargraph                             [DEBUG  ]  Using matplotlib version 3.4.2
[2024-11-13 21:24:14,544] multiqc.plots.linegraph                            [DEBUG  ]  Using matplotlib version 3.4.2
[2024-11-13 21:24:14,547] multiqc                                            [DEBUG  ]  No samples found: custom_content
[2024-11-13 21:24:14,567] multiqc                                            [DEBUG  ]  No samples found: ccs
[2024-11-13 21:24:14,595] multiqc                                            [DEBUG  ]  No samples found: ngsderive
[2024-11-13 21:24:14,635] multiqc                                            [DEBUG  ]  No samples found: purple
[2024-11-13 21:24:14,661] multiqc                                            [DEBUG  ]  No samples found: conpair
[2024-11-13 21:24:14,673] multiqc                                            [DEBUG  ]  No samples found: lima
[2024-11-13 21:24:14,694] multiqc                                            [DEBUG  ]  No samples found: peddy
[2024-11-13 21:24:14,721] multiqc                                            [DEBUG  ]  No samples found: somalier
[2024-11-13 21:24:14,740] multiqc                                            [DEBUG  ]  No samples found: methylQA
[2024-11-13 21:24:14,761] multiqc.modules.mosdepth.mosdepth                  [DEBUG  ]  include_contigs: []
[2024-11-13 21:24:14,761] multiqc.modules.mosdepth.mosdepth                  [DEBUG  ]  exclude_contigs: []
[2024-11-13 21:24:14,761] multiqc                                            [DEBUG  ]  No samples found: mosdepth
[2024-11-13 21:24:14,770] multiqc                                            [DEBUG  ]  No samples found: phantompeakqualtools
[2024-11-13 21:24:14,774] multiqc                                            [DEBUG  ]  No samples found: qualimap
[2024-11-13 21:24:14,797] multiqc                                            [DEBUG  ]  No samples found: preseq
[2024-11-13 21:24:14,806] multiqc                                            [DEBUG  ]  No samples found: quast
[2024-11-13 21:24:14,816] multiqc                                            [DEBUG  ]  No samples found: qorts
[2024-11-13 21:24:14,841] multiqc                                            [DEBUG  ]  No samples found: rna_seqc
[2024-11-13 21:24:14,850] multiqc                                            [DEBUG  ]  No samples found: rockhopper
[2024-11-13 21:24:14,862] multiqc                                            [DEBUG  ]  No samples found: rsem
[2024-11-13 21:24:14,919] multiqc                                            [DEBUG  ]  No samples found: rseqc
[2024-11-13 21:24:14,928] multiqc                                            [DEBUG  ]  No samples found: busco
[2024-11-13 21:24:14,950] multiqc                                            [DEBUG  ]  No samples found: bustools
[2024-11-13 21:24:14,966] multiqc                                            [DEBUG  ]  No samples found: goleft_indexcov
[2024-11-13 21:24:14,995] multiqc                                            [DEBUG  ]  No samples found: gffcompare
[2024-11-13 21:24:15,004] multiqc                                            [DEBUG  ]  No samples found: disambiguate
[2024-11-13 21:24:15,023] multiqc                                            [DEBUG  ]  No samples found: supernova
[2024-11-13 21:24:15,066] multiqc                                            [DEBUG  ]  No samples found: deeptools
[2024-11-13 21:24:15,077] multiqc                                            [DEBUG  ]  No samples found: sargasso
[2024-11-13 21:24:15,092] multiqc                                            [DEBUG  ]  No samples found: verifybamid
[2024-11-13 21:24:15,103] multiqc                                            [DEBUG  ]  No samples found: mirtrace
[2024-11-13 21:24:15,112] multiqc                                            [DEBUG  ]  No samples found: happy
[2024-11-13 21:24:15,122] multiqc                                            [DEBUG  ]  No samples found: mirtop
[2024-11-13 21:24:15,134] multiqc                                            [DEBUG  ]  No samples found: sambamba
[2024-11-13 21:24:15,146] multiqc                                            [DEBUG  ]  No samples found: homer
[2024-11-13 21:24:15,154] multiqc                                            [DEBUG  ]  No samples found: hops
[2024-11-13 21:24:15,170] multiqc                                            [DEBUG  ]  No samples found: macs2
[2024-11-13 21:24:15,179] multiqc                                            [DEBUG  ]  No samples found: theta2
[2024-11-13 21:24:15,188] multiqc                                            [DEBUG  ]  No samples found: snpeff
[2024-11-13 21:24:15,210] multiqc                                            [DEBUG  ]  No samples found: gatk
[2024-11-13 21:24:15,219] multiqc                                            [DEBUG  ]  No samples found: htseq
[2024-11-13 21:24:15,239] multiqc                                            [DEBUG  ]  No samples found: bcftools
[2024-11-13 21:24:15,261] multiqc                                            [DEBUG  ]  No samples found: featureCounts
[2024-11-13 21:24:15,278] multiqc                                            [DEBUG  ]  No samples found: fgbio
[2024-11-13 21:24:15,304] multiqc                                            [DEBUG  ]  No samples found: dragen
[2024-11-13 21:24:15,316] multiqc                                            [DEBUG  ]  No samples found: dedup
[2024-11-13 21:24:15,325] multiqc                                            [DEBUG  ]  No samples found: damageprofiler
[2024-11-13 21:24:15,389] multiqc                                            [DEBUG  ]  No samples found: biobambam2
[2024-11-13 21:24:15,402] multiqc                                            [DEBUG  ]  No samples found: jcvi
[2024-11-13 21:24:15,427] multiqc                                            [DEBUG  ]  No samples found: mtnucratio
[2024-11-13 21:24:15,430] multiqc                                            [DEBUG  ]  No samples found: picard
[2024-11-13 21:24:15,441] multiqc                                            [DEBUG  ]  No samples found: vep
[2024-11-13 21:24:15,455] multiqc                                            [DEBUG  ]  No samples found: sentieon
[2024-11-13 21:24:15,464] multiqc                                            [DEBUG  ]  No samples found: prokka
[2024-11-13 21:24:15,474] multiqc                                            [DEBUG  ]  No samples found: qc3C
[2024-11-13 21:24:15,483] multiqc                                            [DEBUG  ]  No samples found: nanostat
[2024-11-13 21:24:15,493] multiqc                                            [DEBUG  ]  No samples found: samblaster
[2024-11-13 21:24:15,509] multiqc                                            [DEBUG  ]  No samples found: samtools
[2024-11-13 21:24:15,518] multiqc                                            [DEBUG  ]  No samples found: sexdeterrmine
[2024-11-13 21:24:15,531] multiqc                                            [DEBUG  ]  No samples found: eigenstratdatabasetools
[2024-11-13 21:24:15,556] multiqc                                            [DEBUG  ]  No samples found: bamtools
[2024-11-13 21:24:15,565] multiqc                                            [DEBUG  ]  No samples found: jellyfish
[2024-11-13 21:24:15,580] multiqc                                            [DEBUG  ]  No samples found: vcftools
[2024-11-13 21:24:15,589] multiqc                                            [DEBUG  ]  No samples found: longranger
[2024-11-13 21:24:15,598] multiqc                                            [DEBUG  ]  No samples found: stacks
[2024-11-13 21:24:15,607] multiqc                                            [DEBUG  ]  No samples found: varscan2
[2024-11-13 21:24:15,616] multiqc                                            [DEBUG  ]  No samples found: snippy
[2024-11-13 21:24:15,669] multiqc                                            [DEBUG  ]  No samples found: bbmap
[2024-11-13 21:24:15,678] multiqc                                            [DEBUG  ]  No samples found: bismark
[2024-11-13 21:24:15,688] multiqc                                            [DEBUG  ]  No samples found: biscuit
[2024-11-13 21:24:15,697] multiqc                                            [DEBUG  ]  No samples found: hicexplorer
[2024-11-13 21:24:15,707] multiqc                                            [DEBUG  ]  No samples found: hicup
[2024-11-13 21:24:15,723] multiqc                                            [DEBUG  ]  No samples found: hicpro
[2024-11-13 21:24:15,733] multiqc                                            [DEBUG  ]  No samples found: salmon
[2024-11-13 21:24:15,762] multiqc                                            [DEBUG  ]  No samples found: kallisto
[2024-11-13 21:24:15,770] multiqc                                            [DEBUG  ]  No samples found: slamdunk
[2024-11-13 21:24:15,780] multiqc                                            [DEBUG  ]  No samples found: star
[2024-11-13 21:24:15,789] multiqc                                            [DEBUG  ]  No samples found: hisat2
[2024-11-13 21:24:15,798] multiqc                                            [DEBUG  ]  No samples found: tophat
[2024-11-13 21:24:15,811] multiqc                                            [DEBUG  ]  No samples found: bowtie2
[2024-11-13 21:24:15,840] multiqc                                            [DEBUG  ]  No samples found: bowtie1
[2024-11-13 21:24:15,849] multiqc                                            [DEBUG  ]  No samples found: snpsplit
[2024-11-13 21:24:15,858] multiqc                                            [DEBUG  ]  No samples found: odgi
[2024-11-13 21:24:15,866] multiqc                                            [DEBUG  ]  No samples found: pangolin
[2024-11-13 21:24:15,874] multiqc                                            [DEBUG  ]  No samples found: kat
[2024-11-13 21:24:15,884] multiqc                                            [DEBUG  ]  No samples found: leehom
[2024-11-13 21:24:15,902] multiqc                                            [DEBUG  ]  No samples found: adapterRemoval
[2024-11-13 21:24:15,915] multiqc                                            [DEBUG  ]  No samples found: clipandmerge
[2024-11-13 21:24:15,924] multiqc                                            [DEBUG  ]  No samples found: cutadapt
[2024-11-13 21:24:15,934] multiqc                                            [DEBUG  ]  No samples found: flexbar
[2024-11-13 21:24:15,944] multiqc                                            [DEBUG  ]  No samples found: kaiju
[2024-11-13 21:24:15,954] multiqc                                            [DEBUG  ]  No samples found: kraken
[2024-11-13 21:24:15,963] multiqc                                            [DEBUG  ]  No samples found: malt
[2024-11-13 21:24:15,972] multiqc                                            [DEBUG  ]  No samples found: trimmomatic
[2024-11-13 21:24:15,980] multiqc                                            [DEBUG  ]  No samples found: sickle
[2024-11-13 21:24:15,991] multiqc                                            [DEBUG  ]  No samples found: skewer
[2024-11-13 21:24:16,000] multiqc                                            [DEBUG  ]  No samples found: sortmerna
[2024-11-13 21:24:16,008] multiqc                                            [DEBUG  ]  No samples found: biobloomtools
[2024-11-13 21:24:16,017] multiqc                                            [DEBUG  ]  No samples found: fastq_screen
[2024-11-13 21:24:16,025] multiqc                                            [DEBUG  ]  No samples found: afterqc
[2024-11-13 21:24:16,033] multiqc                                            [DEBUG  ]  No samples found: fastp
[2024-11-13 21:24:20,392] multiqc.modules.fastqc.fastqc                      [INFO   ]  Found 32 reports
[2024-11-13 21:24:21,034] multiqc                                            [DEBUG  ]  No samples found: pychopper
[2024-11-13 21:24:21,043] multiqc                                            [DEBUG  ]  No samples found: pycoqc
[2024-11-13 21:24:21,051] multiqc                                            [DEBUG  ]  No samples found: minionqc
[2024-11-13 21:24:21,060] multiqc                                            [DEBUG  ]  No samples found: multivcfanalyzer
[2024-11-13 21:24:21,082] multiqc                                            [DEBUG  ]  No samples found: clusterflow
[2024-11-13 21:24:21,118] multiqc                                            [DEBUG  ]  No samples found: bcl2fastq
[2024-11-13 21:24:21,145] multiqc                                            [DEBUG  ]  No samples found: bclconvert
[2024-11-13 21:24:21,168] multiqc                                            [DEBUG  ]  No samples found: interop
[2024-11-13 21:24:21,193] multiqc                                            [DEBUG  ]  No samples found: ivar
[2024-11-13 21:24:21,202] multiqc                                            [DEBUG  ]  No samples found: flash
[2024-11-13 21:24:21,210] multiqc                                            [DEBUG  ]  No samples found: seqyclean
[2024-11-13 21:24:21,219] multiqc                                            [DEBUG  ]  No samples found: optitype
[2024-11-13 21:24:21,255] multiqc                                            [INFO   ]  Compressing plot data
[2024-11-13 21:24:21,789] multiqc                                            [INFO   ]  Report      : multiqc_results/multiqc_report.html
[2024-11-13 21:24:21,789] multiqc                                            [INFO   ]  Data        : multiqc_results/multiqc_data
[2024-11-13 21:24:21,789] multiqc                                            [DEBUG  ]  Moving data file from '/tmp/tmp9jm4v75s/multiqc_data' to '/data/users/sschaerer/rnaseq_course/multiqc_results/multiqc_data'
[2024-11-13 21:24:22,072] multiqc                                            [INFO   ]  MultiQC complete
