Settings:
  Output files: "/data/users/sschaerer/rnaseq_course_files/hisat2_index/Mus_musculus.GRCm39.*.ht2"
  Line rate: 6 (line is 64 bytes)
  Lines per side: 1 (side is 64 bytes)
  Offset rate: 4 (one in 16)
  FTable chars: 10
  Strings: unpacked
  Local offset rate: 3 (one in 8)
  Local fTable chars: 6
  Local sequence length: 57344
  Local sequence overlap between two consecutive indexes: 1024
  Endianness: little
  Actual local endianness: little
  Sanity checking: disabled
  Assertions: disabled
  Random seed: 0
  Sizeofs: void*:8, int:4, long:8, size_t:8
Input files DNA, FASTA:
  /data/users/sschaerer/rnaseq_course_files/Mus_musculus.GRCm39.dna.primary_assembly.fa
Reading reference sizes
  Time reading reference sizes: 00:00:02
Calculating joined length
Writing header
Reserving space for joined string
Joining reference sequences
  Time to join reference sequences: 00:00:01
  Time to read SNPs and splice sites: 00:00:00
Using parameters --bmax 4498923 --dcv 1024
  Doing ahead-of-time memory usage test
  Passed!  Constructing with these parameters: --bmax 4498923 --dcv 1024
Constructing suffix-array element generator
Converting suffix-array elements to index image
Allocating ftab, absorbFtab
Entering GFM loop
Exited GFM loop
fchr[A]: 0
fchr[C]: 56542797
fchr[G]: 96048384
fchr[T]: 135524337
fchr[$]: 191954033
Exiting GFM::buildToDisk()
Returning from initFromVector
Wrote 68179400 bytes to primary GFM file: /data/users/sschaerer/rnaseq_course_files/hisat2_index/Mus_musculus.GRCm39.1.ht2
Wrote 47988516 bytes to secondary GFM file: /data/users/sschaerer/rnaseq_course_files/hisat2_index/Mus_musculus.GRCm39.2.ht2
Re-opening _in1 and _in2 as input streams
Returning from GFM constructor
Returning from initFromVector
Wrote 84240219 bytes to primary GFM file: /data/users/sschaerer/rnaseq_course_files/hisat2_index/Mus_musculus.GRCm39.5.ht2
Wrote 48867772 bytes to secondary GFM file: /data/users/sschaerer/rnaseq_course_files/hisat2_index/Mus_musculus.GRCm39.6.ht2
Re-opening _in5 and _in5 as input streams
Returning from HGFM constructor
Headers:
    len: 191954033
    gbwtLen: 191954034
    nodes: 191954034
    sz: 47988509
    gbwtSz: 47988509
    lineRate: 6
    offRate: 4
    offMask: 0xfffffff0
    ftabChars: 10
    eftabLen: 0
    eftabSz: 0
    ftabLen: 1048577
    ftabSz: 4194308
    offsLen: 11997128
    offsSz: 47988512
    lineSz: 64
    sideSz: 64
    sideGbwtSz: 48
    sideGbwtLen: 192
    numSides: 999761
    numLines: 999761
    gbwtTotLen: 63984704
    gbwtTotSz: 63984704
    reverse: 0
    linearFM: Yes
Total time for call to driver() for forward index: 00:00:55
