Downloading FASTA file from: https://ftp.ensembl.org/pub/release-113/fasta/mus_musculus/dna/Mus_musculus.GRCm39.dna.primary_assembly.fa.gz
Decompressing FASTA file to: /data/users/sschaerer/rnaseq_course_files/hisat2_index/Mus_musculus.GRCm39.dna.primary_assembly.fa
Running Hisat2 index creation...
Building DifferenceCoverSample
  Building sPrime
  Building sPrimeOrder
  V-Sorting samples
  V-Sorting samples time: 00:00:23
  Allocating rank array
  Ranking v-sort output
  Ranking v-sort output time: 00:00:16
  Invoking Larsson-Sadakane on ranks
  Invoking Larsson-Sadakane on ranks time: 00:00:32
  Sanity-checking and returning
Building samples
Reserving space for 86 sample suffixes
Generating random suffixes
QSorting 86 sample offsets, eliminating duplicates
QSorting sample offsets, eliminating duplicates time: 00:00:00
Multikey QSorting 86 samples
  (Using difference cover)
  Multikey QSorting samples time: 00:00:00
Calculating bucket sizes
Splitting and merging
  Splitting and merging time: 00:00:00
Split 12, merged 39; iterating...
Splitting and merging
  Splitting and merging time: 00:00:00
Split 8, merged 7; iterating...
Splitting and merging
  Splitting and merging time: 00:00:00
Split 3, merged 3; iterating...
Splitting and merging
  Splitting and merging time: 00:00:00
Split 2, merged 4; iterating...
Splitting and merging
  Splitting and merging time: 00:00:00
Split 1, merged 2; iterating...
Avg bucket size: 4.57693e+07 (target: 62217697)
Getting block 1 of 58
  Reserving size (62217698) for bucket 1
Getting block 3 of 58
Getting block 2 of 58
  Reserving size (62217698) for bucket 2
Getting block 4 of 58
  Calculating Z arrays for bucket 1
  Reserving size (62217698) for bucket 4
Getting block 5 of 58
  Entering block accumulator loop for bucket 1:
Getting block 6 of 58
  Reserving size (62217698) for bucket 6
Getting block 7 of 58
  Reserving size (62217698) for bucket 7
  Reserving size (62217698) for bucket 5
  Reserving size (62217698) for bucket 3
Getting block 8 of 58
  Reserving size (62217698) for bucket 8
  Calculating Z arrays for bucket 7
  Calculating Z arrays for bucket 6
  Calculating Z arrays for bucket 8
  Calculating Z arrays for bucket 4
  Calculating Z arrays for bucket 5
  Calculating Z arrays for bucket 2
  Entering block accumulator loop for bucket 6:
  Entering block accumulator loop for bucket 7:
  Entering block accumulator loop for bucket 4:
  Calculating Z arrays for bucket 3
  Entering block accumulator loop for bucket 5:
  Entering block accumulator loop for bucket 2:
  Entering block accumulator loop for bucket 8:
  Entering block accumulator loop for bucket 3:
  bucket 1: 10%
  bucket 2: 10%
  bucket 3: 10%
  bucket 4: 10%
  bucket 5: 10%
  bucket 6: 10%
  bucket 7: 10%
  bucket 8: 10%
  bucket 1: 20%
  bucket 2: 20%
  bucket 3: 20%
  bucket 4: 20%
  bucket 5: 20%
  bucket 6: 20%
  bucket 7: 20%
  bucket 8: 20%
  bucket 1: 30%
  bucket 2: 30%
  bucket 3: 30%
  bucket 4: 30%
  bucket 5: 30%
  bucket 6: 30%
  bucket 7: 30%
  bucket 8: 30%
  bucket 1: 40%
  bucket 2: 40%
  bucket 3: 40%
  bucket 4: 40%
  bucket 5: 40%
  bucket 6: 40%
  bucket 1: 50%
  bucket 7: 40%
  bucket 8: 40%
  bucket 2: 50%
  bucket 3: 50%
  bucket 4: 50%
  bucket 5: 50%
  bucket 1: 60%
  bucket 6: 50%
  bucket 2: 60%
  bucket 7: 50%
  bucket 8: 50%
  bucket 3: 60%
  bucket 4: 60%
  bucket 5: 60%
  bucket 1: 70%
  bucket 6: 60%
  bucket 2: 70%
  bucket 3: 70%
  bucket 7: 60%
  bucket 8: 60%
  bucket 4: 70%
  bucket 5: 70%
  bucket 1: 80%
  bucket 2: 80%
  bucket 6: 70%
  bucket 3: 80%
  bucket 1: 90%
  bucket 4: 80%
  bucket 5: 80%
  bucket 7: 70%
  bucket 8: 70%
  bucket 2: 90%
  bucket 3: 90%
  bucket 6: 80%
  bucket 1: 100%
  Sorting block of length 45359302 for bucket 1
  (Using difference cover)
  bucket 4: 90%
  bucket 5: 90%
  bucket 7: 80%
  bucket 8: 80%
  bucket 2: 100%
  Sorting block of length 44648728 for bucket 2
  (Using difference cover)
  bucket 3: 100%
  bucket 5: 100%
  Sorting block of length 45614390 for bucket 3
  (Using difference cover)
  bucket 6: 90%
  Sorting block of length 30214358 for bucket 5
  (Using difference cover)
  bucket 4: 100%
  Sorting block of length 42313604 for bucket 4
  (Using difference cover)
  bucket 7: 90%
  bucket 8: 90%
  bucket 6: 100%
  Sorting block of length 62030960 for bucket 6
  (Using difference cover)
  bucket 7: 100%
  Sorting block of length 49643619 for bucket 7
  (Using difference cover)
  bucket 8: 100%
  Sorting block of length 47969080 for bucket 8
  (Using difference cover)
  Sorting block time: 00:00:15
Returning block of 30214359 for bucket 5
Getting block 9 of 58
  Reserving size (62217698) for bucket 9
  Calculating Z arrays for bucket 9
  Entering block accumulator loop for bucket 9:
  Sorting block time: 00:00:23
Returning block of 45359303 for bucket 1
  bucket 9: 10%
  Sorting block time: 00:00:21
Returning block of 42313605 for bucket 4
  Sorting block time: 00:00:23
Returning block of 44648729 for bucket 2
  Sorting block time: 00:00:23
Returning block of 45614391 for bucket 3
  bucket 9: 20%
  bucket 9: 30%
  Sorting block time: 00:00:23
Returning block of 47969081 for bucket 8
  Sorting block time: 00:00:23
Returning block of 49643620 for bucket 7
Getting block 10 of 58
  Reserving size (62217698) for bucket 10
  Calculating Z arrays for bucket 10
  Entering block accumulator loop for bucket 10:
Getting block 11 of 58
  Reserving size (62217698) for bucket 11
  Calculating Z arrays for bucket 11
  Entering block accumulator loop for bucket 11:
  bucket 9: 40%
  bucket 10: 10%
Getting block 12 of 58
  Reserving size (62217698) for bucket 12
  Calculating Z arrays for bucket 12
  Entering block accumulator loop for bucket 12:
  Sorting block time: 00:00:30
Returning block of 62030961 for bucket 6
  bucket 11: 10%
  bucket 9: 50%
  bucket 10: 20%
Getting block 13 of 58
  Reserving size (62217698) for bucket 13
  Calculating Z arrays for bucket 13
  Entering block accumulator loop for bucket 13:
Getting block 14 of 58
  Reserving size (62217698) for bucket 14
  Calculating Z arrays for bucket 14
  Entering block accumulator loop for bucket 14:
  bucket 12: 10%
Getting block 15 of 58
  Reserving size (62217698) for bucket 15
  Calculating Z arrays for bucket 15
  Entering block accumulator loop for bucket 15:
  bucket 11: 20%
  bucket 9: 60%
  bucket 10: 30%
  bucket 13: 10%
  bucket 14: 10%
Getting block 16 of 58
  Reserving size (62217698) for bucket 16
  Calculating Z arrays for bucket 16
  Entering block accumulator loop for bucket 16:
  bucket 12: 20%
  bucket 15: 10%
  bucket 11: 30%
  bucket 9: 70%
  bucket 10: 40%
  bucket 13: 20%
  bucket 14: 20%
  bucket 12: 30%
  bucket 15: 20%
  bucket 9: 80%
  bucket 11: 40%
  bucket 16: 10%
  bucket 10: 50%
  bucket 13: 30%
  bucket 14: 30%
  bucket 12: 40%
  bucket 15: 30%
  bucket 9: 90%
  bucket 11: 50%
  bucket 10: 60%
  bucket 16: 20%
  bucket 13: 40%
  bucket 14: 40%
  bucket 15: 40%
  bucket 12: 50%
  bucket 9: 100%
  Sorting block of length 51608032 for bucket 9
  (Using difference cover)
  bucket 11: 60%
  bucket 10: 70%
  bucket 13: 50%
  bucket 14: 50%
  bucket 15: 50%
  bucket 12: 60%
  bucket 11: 70%
  bucket 10: 80%
  bucket 16: 30%
  bucket 13: 60%
  bucket 14: 60%
  bucket 15: 60%
  bucket 12: 70%
  bucket 10: 90%
  bucket 11: 80%
  bucket 16: 40%
  bucket 13: 70%
  bucket 14: 70%
  bucket 15: 70%
  bucket 12: 80%
  bucket 10: 100%
  Sorting block of length 25184330 for bucket 10
  (Using difference cover)
  bucket 11: 90%
  bucket 13: 80%
  bucket 14: 80%
  bucket 16: 50%
  bucket 15: 80%
  bucket 12: 90%
  bucket 11: 100%
  Sorting block of length 59261286 for bucket 11
  (Using difference cover)
  bucket 13: 90%
  bucket 14: 90%
  bucket 15: 90%
  bucket 12: 100%
  Sorting block of length 52802075 for bucket 12
  (Using difference cover)
  bucket 16: 60%
  bucket 13: 100%
  Sorting block of length 61784282 for bucket 13
  (Using difference cover)
  bucket 14: 100%
  Sorting block of length 52631223 for bucket 14
  (Using difference cover)
  bucket 15: 100%
  Sorting block of length 49353724 for bucket 15
  (Using difference cover)
  Sorting block time: 00:00:12
Returning block of 25184331 for bucket 10
  Sorting block time: 00:00:26
Returning block of 51608033 for bucket 9
Getting block 17 of 58
  Reserving size (62217698) for bucket 17
  Calculating Z arrays for bucket 17
  Entering block accumulator loop for bucket 17:
  bucket 16: 70%
  bucket 17: 10%
Getting block 18 of 58
  Reserving size (62217698) for bucket 18
  Calculating Z arrays for bucket 18
  Entering block accumulator loop for bucket 18:
  bucket 16: 80%
  bucket 17: 20%
  bucket 18: 10%
  bucket 16: 90%
  bucket 17: 30%
  bucket 16: 100%
  Sorting block of length 57250400 for bucket 16
  (Using difference cover)
  bucket 18: 20%
  bucket 17: 40%
  Sorting block time: 00:00:27
Returning block of 59261287 for bucket 11
  Sorting block time: 00:00:25
Returning block of 52802076 for bucket 12
  bucket 18: 30%
  bucket 17: 50%
  Sorting block time: 00:00:23
Returning block of 49353725 for bucket 15
  Sorting block time: 00:00:26
Returning block of 52631224 for bucket 14
  bucket 18: 40%
  bucket 17: 60%
  Sorting block time: 00:00:30
Returning block of 61784283 for bucket 13
  bucket 18: 50%
  bucket 17: 70%
Getting block 19 of 58
  Reserving size (62217698) for bucket 19
  Calculating Z arrays for bucket 19
  Entering block accumulator loop for bucket 19:
Getting block 20 of 58
  Reserving size (62217698) for bucket 20
  Calculating Z arrays for bucket 20
  Entering block accumulator loop for bucket 20:
  bucket 18: 60%
  bucket 17: 80%
  bucket 19: 10%
Getting block 21 of 58
  Reserving size (62217698) for bucket 21
  Calculating Z arrays for bucket 21
  Entering block accumulator loop for bucket 21:
  bucket 20: 10%
  bucket 18: 70%
  bucket 17: 90%
Getting block 22 of 58
  Reserving size (62217698) for bucket 22
  Calculating Z arrays for bucket 22
  Entering block accumulator loop for bucket 22:
Getting block 23 of 58
  Reserving size (62217698) for bucket 23
  Calculating Z arrays for bucket 23
  Entering block accumulator loop for bucket 23:
  bucket 19: 20%
  bucket 21: 10%
  bucket 20: 20%
  bucket 18: 80%
  bucket 17: 100%
  Sorting block of length 14058943 for bucket 17
  (Using difference cover)
  bucket 22: 10%
  Sorting block time: 00:00:28
Returning block of 57250401 for bucket 16
  bucket 19: 30%
  bucket 21: 20%
  bucket 23: 10%
  bucket 20: 30%
  bucket 18: 90%
  bucket 22: 20%
  bucket 19: 40%
  Sorting block time: 00:00:07
Returning block of 14058944 for bucket 17
Getting block 24 of 58
  Reserving size (62217698) for bucket 24
  Calculating Z arrays for bucket 24
  Entering block accumulator loop for bucket 24:
  bucket 21: 30%
  bucket 23: 20%
  bucket 20: 40%
  bucket 18: 100%
  Sorting block of length 54099040 for bucket 18
  (Using difference cover)
Getting block 25 of 58
  Reserving size (62217698) for bucket 25
  Calculating Z arrays for bucket 25
  Entering block accumulator loop for bucket 25:
  bucket 22: 30%
  bucket 19: 50%
  bucket 21: 40%
  bucket 24: 10%
  bucket 23: 30%
  bucket 20: 50%
  bucket 22: 40%
  bucket 25: 10%
  bucket 19: 60%
  bucket 21: 50%
  bucket 24: 20%
  bucket 23: 40%
  bucket 20: 60%
  bucket 22: 50%
  bucket 19: 70%
  bucket 21: 60%
  bucket 24: 30%
  bucket 23: 50%
  bucket 25: 20%
  bucket 20: 70%
  bucket 22: 60%
  bucket 19: 80%
  bucket 21: 70%
  bucket 23: 60%
  bucket 24: 40%
  bucket 20: 80%
  bucket 25: 30%
  bucket 22: 70%
  bucket 19: 90%
  bucket 21: 80%
  bucket 23: 70%
  bucket 24: 50%
  bucket 20: 90%
  bucket 25: 40%
  bucket 22: 80%
  bucket 19: 100%
  Sorting block of length 29585866 for bucket 19
  (Using difference cover)
  bucket 21: 90%
  bucket 23: 80%
  Sorting block time: 00:00:26
Returning block of 54099041 for bucket 18
  bucket 24: 60%
  bucket 20: 100%
  Sorting block of length 61887051 for bucket 20
  (Using difference cover)
  bucket 22: 90%
  bucket 25: 50%
Getting block 26 of 58
  Reserving size (62217698) for bucket 26
  Calculating Z arrays for bucket 26
  Entering block accumulator loop for bucket 26:
  bucket 21: 100%
  Sorting block of length 20066026 for bucket 21
  (Using difference cover)
  bucket 23: 90%
  bucket 24: 70%
  bucket 22: 100%
  Sorting block of length 59345787 for bucket 22
  (Using difference cover)
  bucket 25: 60%
  bucket 23: 100%
  Sorting block of length 54256238 for bucket 23
  (Using difference cover)
  bucket 24: 80%
  bucket 26: 10%
  bucket 25: 70%
  bucket 24: 90%
  Sorting block time: 00:00:14
Returning block of 29585867 for bucket 19
  Sorting block time: 00:00:09
Returning block of 20066027 for bucket 21
Getting block 27 of 58
  Reserving size (62217698) for bucket 27
  Calculating Z arrays for bucket 27
  Entering block accumulator loop for bucket 27:
  bucket 26: 20%
Getting block 28 of 58
  Reserving size (62217698) for bucket 28
  Calculating Z arrays for bucket 28
  Entering block accumulator loop for bucket 28:
  bucket 25: 80%
  bucket 24: 100%
  Sorting block of length 24352901 for bucket 24
  (Using difference cover)
  bucket 27: 10%
  bucket 26: 30%
  bucket 25: 90%
  bucket 28: 10%
  bucket 27: 20%
  bucket 26: 40%
  bucket 25: 100%
  Sorting block of length 39993377 for bucket 25
  (Using difference cover)
  Sorting block time: 00:00:11
Returning block of 24352902 for bucket 24
  Sorting block time: 00:00:29
Returning block of 61887052 for bucket 20
  bucket 27: 30%
  bucket 26: 50%
Getting block 29 of 58
  Reserving size (62217698) for bucket 29
  Calculating Z arrays for bucket 29
  Entering block accumulator loop for bucket 29:
  bucket 28: 20%
  Sorting block time: 00:00:26
Returning block of 54256239 for bucket 23
  bucket 27: 40%
  bucket 26: 60%
  bucket 28: 30%
  Sorting block time: 00:00:29
Returning block of 59345788 for bucket 22
  bucket 29: 10%
Getting block 30 of 58
  Reserving size (62217698) for bucket 30
  Calculating Z arrays for bucket 30
  Entering block accumulator loop for bucket 30:
  bucket 26: 70%
  bucket 27: 50%
  bucket 28: 40%
Getting block 31 of 58
  Reserving size (62217698) for bucket 31
  Calculating Z arrays for bucket 31
  Entering block accumulator loop for bucket 31:
  bucket 29: 20%
Getting block 32 of 58
  Reserving size (62217698) for bucket 32
  Calculating Z arrays for bucket 32
  Entering block accumulator loop for bucket 32:
  bucket 30: 10%
  bucket 26: 80%
  bucket 27: 60%
  bucket 28: 50%
  Sorting block time: 00:00:19
Returning block of 39993378 for bucket 25
  bucket 31: 10%
  bucket 29: 30%
  bucket 30: 20%
  bucket 26: 90%
  bucket 32: 10%
Getting block 33 of 58
  Reserving size (62217698) for bucket 33
  Calculating Z arrays for bucket 33
  Entering block accumulator loop for bucket 33:
  bucket 27: 70%
  bucket 28: 60%
  bucket 31: 20%
  bucket 30: 30%
  bucket 29: 40%
  bucket 26: 100%
  Sorting block of length 61169148 for bucket 26
  (Using difference cover)
  bucket 32: 20%
  bucket 27: 80%
  bucket 28: 70%
  bucket 33: 10%
  bucket 31: 30%
  bucket 30: 40%
  bucket 29: 50%
  bucket 32: 30%
  bucket 27: 90%
  bucket 28: 80%
  bucket 33: 20%
  bucket 31: 40%
  bucket 30: 50%
  bucket 32: 40%
  bucket 29: 60%
  bucket 27: 100%
  Sorting block of length 52923653 for bucket 27
  (Using difference cover)
  bucket 28: 90%
  bucket 31: 50%
  bucket 30: 60%
  bucket 33: 30%
  bucket 32: 50%
  bucket 29: 70%
  bucket 28: 100%
  Sorting block of length 54229097 for bucket 28
  (Using difference cover)
  bucket 31: 60%
  bucket 30: 70%
  bucket 32: 60%
  bucket 31: 70%
  bucket 29: 80%
  bucket 33: 40%
  bucket 30: 80%
  bucket 32: 70%
  bucket 31: 80%
  bucket 33: 50%
  bucket 29: 90%
  Sorting block time: 00:00:30
Returning block of 61169149 for bucket 26
  bucket 30: 90%
  bucket 32: 80%
  bucket 31: 90%
  bucket 33: 60%
Getting block 34 of 58
  Reserving size (62217698) for bucket 34
  Calculating Z arrays for bucket 34
  Entering block accumulator loop for bucket 34:
  bucket 29: 100%
  Sorting block of length 55479529 for bucket 29
  (Using difference cover)
  bucket 30: 100%
  Sorting block of length 45520298 for bucket 30
  (Using difference cover)
  bucket 32: 90%
  Sorting block time: 00:00:25
Returning block of 52923654 for bucket 27
  bucket 31: 100%
  Sorting block of length 47750981 for bucket 31
  (Using difference cover)
  bucket 33: 70%
  bucket 34: 10%
  bucket 32: 100%
  Sorting block of length 54072615 for bucket 32
  (Using difference cover)
  Sorting block time: 00:00:25
Returning block of 54229098 for bucket 28
  bucket 33: 80%
  bucket 34: 20%
Getting block 35 of 58
  Reserving size (62217698) for bucket 35
  Calculating Z arrays for bucket 35
  Entering block accumulator loop for bucket 35:
Getting block 36 of 58
  Reserving size (62217698) for bucket 36
  Calculating Z arrays for bucket 36
  Entering block accumulator loop for bucket 36:
  bucket 33: 90%
  bucket 34: 30%
  bucket 35: 10%
  bucket 36: 10%
  bucket 33: 100%
  Sorting block of length 15581560 for bucket 33
  (Using difference cover)
  bucket 34: 40%
  bucket 35: 20%
  Sorting block time: 00:00:22
Returning block of 45520299 for bucket 30
  bucket 36: 20%
  bucket 34: 50%
  Sorting block time: 00:00:22
Returning block of 47750982 for bucket 31
Getting block 37 of 58
  Reserving size (62217698) for bucket 37
  Calculating Z arrays for bucket 37
  Entering block accumulator loop for bucket 37:
  bucket 35: 30%
  Sorting block time: 00:00:07
Returning block of 15581561 for bucket 33
Getting block 38 of 58
  Reserving size (62217698) for bucket 38
  Calculating Z arrays for bucket 38
  Entering block accumulator loop for bucket 38:
  Sorting block time: 00:00:27
Returning block of 55479530 for bucket 29
Getting block 39 of 58
  Reserving size (62217698) for bucket 39
  Calculating Z arrays for bucket 39
  Entering block accumulator loop for bucket 39:
  bucket 36: 30%
  bucket 34: 60%
  bucket 37: 10%
  bucket 35: 40%
  bucket 38: 10%
Getting block 40 of 58
  Reserving size (62217698) for bucket 40
  Calculating Z arrays for bucket 40
  Entering block accumulator loop for bucket 40:
  bucket 39: 10%
  Sorting block time: 00:00:27
Returning block of 54072616 for bucket 32
  bucket 36: 40%
  bucket 37: 20%
  bucket 34: 70%
  bucket 35: 50%
  bucket 38: 20%
  bucket 40: 10%
  bucket 39: 20%
  bucket 36: 50%
Getting block 41 of 58
  Reserving size (62217698) for bucket 41
  Calculating Z arrays for bucket 41
  Entering block accumulator loop for bucket 41:
  bucket 37: 30%
  bucket 34: 80%
  bucket 38: 30%
  bucket 35: 60%
  bucket 40: 20%
  bucket 39: 30%
  bucket 36: 60%
  bucket 37: 40%
  bucket 34: 90%
  bucket 38: 40%
  bucket 35: 70%
  bucket 40: 30%
  bucket 41: 10%
  bucket 39: 40%
  bucket 36: 70%
  bucket 37: 50%
  bucket 38: 50%
  bucket 34: 100%
  Sorting block of length 60280986 for bucket 34
  (Using difference cover)
  bucket 35: 80%
  bucket 40: 40%
  bucket 36: 80%
  bucket 41: 20%
  bucket 39: 50%
  bucket 37: 60%
  bucket 38: 60%
  bucket 35: 90%
  bucket 40: 50%
  bucket 36: 90%
  bucket 39: 60%
  bucket 37: 70%
  bucket 38: 70%
  bucket 41: 30%
  bucket 35: 100%
  Sorting block of length 46591313 for bucket 35
  (Using difference cover)
  bucket 40: 60%
  bucket 36: 100%
  Sorting block of length 32507243 for bucket 36
  (Using difference cover)
  bucket 39: 70%
  bucket 38: 80%
  bucket 37: 80%
  bucket 40: 70%
  bucket 41: 40%
  bucket 38: 90%
  bucket 39: 80%
  bucket 37: 90%
  bucket 40: 80%
  bucket 38: 100%
  Sorting block of length 24578083 for bucket 38
  (Using difference cover)
  bucket 39: 90%
  bucket 37: 100%
  Sorting block of length 50498670 for bucket 37
  (Using difference cover)
  bucket 41: 50%
  Sorting block time: 00:00:28
Returning block of 60280987 for bucket 34
  bucket 40: 90%
  Sorting block time: 00:00:16
Returning block of 32507244 for bucket 36
  bucket 39: 100%
  Sorting block of length 61608285 for bucket 39
  (Using difference cover)
  bucket 41: 60%
Getting block 42 of 58
  Reserving size (62217698) for bucket 42
  Calculating Z arrays for bucket 42
  Entering block accumulator loop for bucket 42:
Getting block 43 of 58
  Reserving size (62217698) for bucket 43
  Calculating Z arrays for bucket 43
  Entering block accumulator loop for bucket 43:
  bucket 40: 100%
  Sorting block of length 36469723 for bucket 40
  (Using difference cover)
  Sorting block time: 00:00:22
Returning block of 46591314 for bucket 35
  Sorting block time: 00:00:12
Returning block of 24578084 for bucket 38
  bucket 41: 70%
  bucket 43: 10%
  bucket 42: 10%
Getting block 44 of 58
  Reserving size (62217698) for bucket 44
  Calculating Z arrays for bucket 44
  Entering block accumulator loop for bucket 44:
Getting block 45 of 58
  Reserving size (62217698) for bucket 45
  Calculating Z arrays for bucket 45
  Entering block accumulator loop for bucket 45:
  bucket 43: 20%
  bucket 41: 80%
  bucket 42: 20%
  bucket 44: 10%
  bucket 45: 10%
  bucket 43: 30%
  bucket 41: 90%
  Sorting block time: 00:00:24
Returning block of 50498671 for bucket 37
  bucket 42: 30%
  bucket 44: 20%
  Sorting block time: 00:00:16
Returning block of 36469724 for bucket 40
  bucket 45: 20%
  bucket 43: 40%
Getting block 46 of 58
  Reserving size (62217698) for bucket 46
  Calculating Z arrays for bucket 46
  Entering block accumulator loop for bucket 46:
  bucket 41: 100%
  Sorting block of length 42119656 for bucket 41
  (Using difference cover)
Getting block 47 of 58
  Reserving size (62217698) for bucket 47
  Calculating Z arrays for bucket 47
  Entering block accumulator loop for bucket 47:
  bucket 44: 30%
  bucket 42: 40%
  bucket 45: 30%
  bucket 43: 50%
  bucket 46: 10%
  bucket 44: 40%
  Sorting block time: 00:00:30
Returning block of 61608286 for bucket 39
  bucket 47: 10%
  bucket 42: 50%
  bucket 45: 40%
  bucket 43: 60%
  bucket 46: 20%
Getting block 48 of 58
  Reserving size (62217698) for bucket 48
  Calculating Z arrays for bucket 48
  Entering block accumulator loop for bucket 48:
  bucket 44: 50%
  bucket 47: 20%
  bucket 43: 70%
  bucket 45: 50%
  bucket 42: 60%
  bucket 46: 30%
  bucket 44: 60%
  bucket 48: 10%
  bucket 47: 30%
  bucket 43: 80%
  bucket 45: 60%
  bucket 42: 70%
  bucket 46: 40%
  Sorting block time: 00:00:20
Returning block of 42119657 for bucket 41
  bucket 44: 70%
  bucket 47: 40%
  bucket 48: 20%
Getting block 49 of 58
  Reserving size (62217698) for bucket 49
  Calculating Z arrays for bucket 49
  Entering block accumulator loop for bucket 49:
  bucket 43: 90%
  bucket 45: 70%
  bucket 46: 50%
  bucket 42: 80%
  bucket 44: 80%
  bucket 47: 50%
  bucket 48: 30%
  bucket 43: 100%
  Sorting block of length 47814609 for bucket 43
  (Using difference cover)
  bucket 45: 80%
  bucket 46: 60%
  bucket 49: 10%
  bucket 44: 90%
  bucket 42: 90%
  bucket 47: 60%
  bucket 48: 40%
  bucket 45: 90%
  bucket 46: 70%
  bucket 44: 100%
  Sorting block of length 42498310 for bucket 44
  (Using difference cover)
  bucket 42: 100%
  Sorting block of length 45449019 for bucket 42
  (Using difference cover)
  bucket 47: 70%
  bucket 48: 50%
  bucket 45: 100%
  Sorting block of length 48129153 for bucket 45
  (Using difference cover)
  bucket 46: 80%
  bucket 49: 20%
  bucket 47: 80%
  bucket 48: 60%
  bucket 46: 90%
  bucket 49: 30%
  bucket 47: 90%
  bucket 48: 70%
  bucket 46: 100%
  Sorting block of length 32535666 for bucket 46
  (Using difference cover)
  bucket 49: 40%
  Sorting block time: 00:00:23
Returning block of 47814610 for bucket 43
  bucket 47: 100%
  Sorting block of length 55755511 for bucket 47
  (Using difference cover)
  bucket 48: 80%
Getting block 50 of 58
  Reserving size (62217698) for bucket 50
  Calculating Z arrays for bucket 50
  Entering block accumulator loop for bucket 50:
  Sorting block time: 00:00:21
Returning block of 42498311 for bucket 44
  bucket 48: 90%
  bucket 49: 50%
  bucket 50: 10%
  Sorting block time: 00:00:22
Returning block of 45449020 for bucket 42
Getting block 51 of 58
  Reserving size (62217698) for bucket 51
  Calculating Z arrays for bucket 51
  Entering block accumulator loop for bucket 51:
  bucket 48: 100%
  Sorting block of length 36849472 for bucket 48
  (Using difference cover)
  bucket 49: 60%
Getting block 52 of 58
  Reserving size (62217698) for bucket 52
  Calculating Z arrays for bucket 52
  Entering block accumulator loop for bucket 52:
  bucket 50: 20%
  Sorting block time: 00:00:24
Returning block of 48129154 for bucket 45
  Sorting block time: 00:00:16
Returning block of 32535667 for bucket 46
  bucket 51: 10%
Getting block 53 of 58
  Reserving size (62217698) for bucket 53
  Calculating Z arrays for bucket 53
  Entering block accumulator loop for bucket 53:
Getting block 54 of 58
  Reserving size (62217698) for bucket 54
  Calculating Z arrays for bucket 54
  Entering block accumulator loop for bucket 54:
  bucket 49: 70%
  bucket 52: 10%
  bucket 50: 30%
  bucket 51: 20%
  bucket 53: 10%
  bucket 49: 80%
  bucket 52: 20%
  bucket 50: 40%
  bucket 54: 10%
  bucket 51: 30%
  bucket 53: 20%
  bucket 50: 50%
  bucket 52: 30%
  bucket 49: 90%
  Sorting block time: 00:00:27
Returning block of 55755512 for bucket 47
  Sorting block time: 00:00:17
Returning block of 36849473 for bucket 48
  bucket 51: 40%
  bucket 54: 20%
  bucket 53: 30%
Getting block 55 of 58
  Reserving size (62217698) for bucket 55
  Calculating Z arrays for bucket 55
  Entering block accumulator loop for bucket 55:
Getting block 56 of 58
  Reserving size (62217698) for bucket 56
  Calculating Z arrays for bucket 56
  Entering block accumulator loop for bucket 56:
  bucket 50: 60%
  bucket 52: 40%
  bucket 49: 100%
  Sorting block of length 34940435 for bucket 49
  (Using difference cover)
  bucket 51: 50%
  bucket 54: 30%
  bucket 55: 10%
  bucket 53: 40%
  bucket 56: 10%
  bucket 50: 70%
  bucket 52: 50%
  bucket 51: 60%
  bucket 55: 20%
  bucket 54: 40%
  bucket 53: 50%
  bucket 56: 20%
  bucket 50: 80%
  bucket 52: 60%
  bucket 51: 70%
  bucket 53: 60%
  bucket 54: 50%
  bucket 55: 30%
  bucket 56: 30%
  bucket 50: 90%
  bucket 52: 70%
  Sorting block time: 00:00:18
Returning block of 34940436 for bucket 49
  bucket 51: 80%
  bucket 53: 70%
  bucket 54: 60%
  bucket 56: 40%
  bucket 50: 100%
  Sorting block of length 46516751 for bucket 50
  (Using difference cover)
Getting block 57 of 58
  Reserving size (62217698) for bucket 57
  Calculating Z arrays for bucket 57
  Entering block accumulator loop for bucket 57:
  bucket 55: 40%
  bucket 52: 80%
  bucket 51: 90%
  bucket 53: 80%
  bucket 54: 70%
  bucket 56: 50%
  bucket 57: 10%
  bucket 55: 50%
  bucket 52: 90%
  bucket 51: 100%
  Sorting block of length 56437675 for bucket 51
  (Using difference cover)
  bucket 53: 90%
  bucket 56: 60%
  bucket 54: 80%
  bucket 57: 20%
  bucket 52: 100%
  Sorting block of length 45631549 for bucket 52
  (Using difference cover)
  bucket 55: 60%
  bucket 56: 70%
  bucket 53: 100%
  Sorting block of length 28417336 for bucket 53
  (Using difference cover)
  bucket 54: 90%
  bucket 57: 30%
  bucket 55: 70%
  bucket 56: 80%
  bucket 54: 100%
  Sorting block of length 57623878 for bucket 54
  (Using difference cover)
  bucket 57: 40%
  Sorting block time: 00:00:22
Returning block of 46516752 for bucket 50
  bucket 56: 90%
  bucket 55: 80%
  bucket 57: 50%
Getting block 58 of 58
  Reserving size (62217698) for bucket 58
  Calculating Z arrays for bucket 58
  Entering block accumulator loop for bucket 58:
  Sorting block time: 00:00:13
Returning block of 28417337 for bucket 53
  bucket 56: 100%
  Sorting block of length 53986877 for bucket 56
  (Using difference cover)
  bucket 55: 90%
  bucket 57: 60%
  bucket 58: 10%
  bucket 58: 20%
  Sorting block time: 00:00:22
Returning block of 45631550 for bucket 52
  bucket 55: 100%
  Sorting block of length 37544005 for bucket 55
  (Using difference cover)
  bucket 57: 70%
  Sorting block time: 00:00:27
Returning block of 56437676 for bucket 51
  bucket 58: 30%
  bucket 58: 40%
  bucket 57: 80%
  bucket 58: 50%
  bucket 57: 90%
  bucket 58: 60%
  Sorting block time: 00:00:27
Returning block of 57623879 for bucket 54
  bucket 58: 70%
  bucket 57: 100%
  Sorting block of length 53591107 for bucket 57
  (Using difference cover)
  bucket 58: 80%
  Sorting block time: 00:00:18
Returning block of 37544006 for bucket 55
  bucket 58: 90%
  Sorting block time: 00:00:26
Returning block of 53986878 for bucket 56
  bucket 58: 100%
  Sorting block of length 54204911 for bucket 58
  (Using difference cover)
  Sorting block time: 00:00:24
Returning block of 53591108 for bucket 57
  Sorting block time: 00:00:25
Returning block of 54204912 for bucket 58
Hisat2 index files have been successfully created in: /data/users/sschaerer/rnaseq_course_files/hisat2_index
