--2024-11-26 21:50:55--  https://ftp.ensembl.org/pub/release-113/gtf/mus_musculus/Mus_musculus.GRCm39.113.gtf.gz
Resolving ftp.ensembl.org (ftp.ensembl.org)... 193.62.193.169
Connecting to ftp.ensembl.org (ftp.ensembl.org)|193.62.193.169|:443... connected.
HTTP request sent, awaiting response... 200 OK
Length: 40537437 (39M) [application/x-gzip]
Saving to: ‘/data/users/sschaerer/rnaseq_course_files/Mus_musculus.GRCm39.113.gtf.gz’

     0K .......... .......... .......... .......... ..........  0% 1.24M 31s
    50K .......... .......... .......... .......... ..........  0% 2.59M 23s
   100K .......... .......... .......... .......... ..........  0%  121M 15s
   150K .......... .......... .......... .......... ..........  0% 2.61M 15s
   200K .......... .......... .......... .......... ..........  0% 92.8M 12s
   250K .......... .......... .......... .......... ..........  0%  135M 10s
   300K .......... .......... .......... .......... ..........  0%  137M 9s
   350K .......... .......... .......... .......... ..........  1%  117M 8s
   400K .......... .......... .......... .......... ..........  1% 2.67M 8s
   450K .......... .......... .......... .......... ..........  1%  122M 8s
   500K .......... .......... .......... .......... ..........  1%  144M 7s
   550K .......... .......... .......... .......... ..........  1%  146M 6s
   600K .......... .......... .......... .......... ..........  1%  125M 6s
   650K .......... .......... .......... .......... ..........  1%  145M 6s
   700K .......... .......... .......... .......... ..........  1%  127M 5s
   750K .......... .......... .......... .......... ..........  2%  143M 5s
   800K .......... .......... .......... .......... ..........  2% 2.85M 5s
   850K .......... .......... .......... .......... ..........  2%  122M 5s
   900K .......... .......... .......... .......... ..........  2%  137M 5s
   950K .......... .......... .......... .......... ..........  2%  128M 5s
  1000K .......... .......... .......... .......... ..........  2%  378K 9s
  1050K .......... .......... .......... .......... ..........  2%  121M 9s
  1100K .......... .......... .......... .......... ..........  2%  122M 8s
  1150K .......... .......... .......... .......... ..........  3%  141M 8s
  1200K .......... .......... .......... .......... ..........  3%  122M 8s
  1250K .......... .......... .......... .......... ..........  3%  137M 7s
  1300K .......... .......... .......... .......... ..........  3%  138M 7s
  1350K .......... .......... .......... .......... ..........  3%  118M 7s
  1400K .......... .......... .......... .......... ..........  3%  139M 7s
  1450K .......... .......... .......... .......... ..........  3%  123M 6s
  1500K .......... .......... .......... .......... ..........  3%  141M 6s
  1550K .......... .......... .......... .......... ..........  4%  130M 6s
  1600K .......... .......... .......... .......... ..........  4%  123M 6s
  1650K .......... .......... .......... .......... ..........  4%  142M 6s
  1700K .......... .......... .......... .......... ..........  4%  126M 6s
  1750K .......... .......... .......... .......... ..........  4%  139M 5s
  1800K .......... .......... .......... .......... ..........  4%  142M 5s
  1850K .......... .......... .......... .......... ..........  4%  123M 5s
  1900K .......... .......... .......... .......... ..........  4%  143M 5s
  1950K .......... .......... .......... .......... ..........  5%  126M 5s
  2000K .......... .......... .......... .......... ..........  5%  141M 5s
  2050K .......... .......... .......... .......... ..........  5% 78.2M 5s
  2100K .......... .......... .......... .......... ..........  5%  122M 5s
  2150K .......... .......... .......... .......... ..........  5%  144M 4s
  2200K .......... .......... .......... .......... ..........  5%  126M 4s
  2250K .......... .......... .......... .......... ..........  5% 67.3M 4s
  2300K .......... .......... .......... .......... ..........  5%  149M 4s
  2350K .......... .......... .......... .......... ..........  6%  129M 4s
  2400K .......... .......... .......... .......... ..........  6%  150M 4s
  2450K .......... .......... .......... .......... ..........  6%  135M 4s
  2500K .......... .......... .......... .......... ..........  6%  149M 4s
  2550K .......... .......... .......... .......... ..........  6%  149M 4s
  2600K .......... .......... .......... .......... ..........  6%  132M 4s
  2650K .......... .......... .......... .......... ..........  6%  150M 4s
  2700K .......... .......... .......... .......... ..........  6%  133M 4s
  2750K .......... .......... .......... .......... ..........  7%  155M 3s
  2800K .......... .......... .......... .......... ..........  7%  151M 3s
  2850K .......... .......... .......... .......... ..........  7%  133M 3s
  2900K .......... .......... .......... .......... ..........  7%  153M 3s
  2950K .......... .......... .......... .......... ..........  7%  135M 3s
  3000K .......... .......... .......... .......... ..........  7%  152M 3s
  3050K .......... .......... .......... .......... ..........  7% 79.7M 3s
  3100K .......... .......... .......... .......... ..........  7%  133M 3s
  3150K .......... .......... .......... .......... ..........  8%  154M 3s
  3200K .......... .......... .......... .......... ..........  8%  133M 3s
  3250K .......... .......... .......... .......... ..........  8%  152M 3s
  3300K .......... .......... .......... .......... ..........  8%  153M 3s
  3350K .......... .......... .......... .......... ..........  8%  132M 3s
  3400K .......... .......... .......... .......... ..........  8%  153M 3s
  3450K .......... .......... .......... .......... ..........  8%  133M 3s
  3500K .......... .......... .......... .......... ..........  8%  140M 3s
  3550K .......... .......... .......... .......... ..........  9%  151M 3s
  3600K .......... .......... .......... .......... ..........  9%  130M 3s
  3650K .......... .......... .......... .......... ..........  9%  151M 3s
  3700K .......... .......... .......... .......... ..........  9%  133M 3s
  3750K .......... .......... .......... .......... ..........  9%  151M 3s
  3800K .......... .......... .......... .......... ..........  9%  151M 3s
  3850K .......... .......... .......... .......... ..........  9%  132M 2s
  3900K .......... .......... .......... .......... ..........  9%  150M 2s
  3950K .......... .......... .......... .......... .......... 10%  134M 2s
  4000K .......... .......... .......... .......... .......... 10%  150M 2s
  4050K .......... .......... .......... .......... .......... 10%  150M 2s
  4100K .......... .......... .......... .......... .......... 10% 28.0M 2s
  4150K .......... .......... .......... .......... .......... 10%  144M 2s
  4200K .......... .......... .......... .......... .......... 10%  134M 2s
  4250K .......... .......... .......... .......... .......... 10%  152M 2s
  4300K .......... .......... .......... .......... .......... 10%  150M 2s
  4350K .......... .......... .......... .......... .......... 11%  133M 2s
  4400K .......... .......... .......... .......... .......... 11%  154M 2s
  4450K .......... .......... .......... .......... .......... 11%  134M 2s
  4500K .......... .......... .......... .......... .......... 11%  152M 2s
  4550K .......... .......... .......... .......... .......... 11%  152M 2s
  4600K .......... .......... .......... .......... .......... 11%  131M 2s
  4650K .......... .......... .......... .......... .......... 11%  155M 2s
  4700K .......... .......... .......... .......... .......... 11%  134M 2s
  4750K .......... .......... .......... .......... .......... 12%  132M 2s
  4800K .......... .......... .......... .......... .......... 12%  148M 2s
  4850K .......... .......... .......... .......... .......... 12%  131M 2s
  4900K .......... .......... .......... .......... .......... 12%  153M 2s
  4950K .......... .......... .......... .......... .......... 12%  134M 2s
  5000K .......... .......... .......... .......... .......... 12%  151M 2s
  5050K .......... .......... .......... .......... .......... 12%  153M 2s
  5100K .......... .......... .......... .......... .......... 13% 75.5M 2s
  5150K .......... .......... .......... .......... .......... 13%  142M 2s
  5200K .......... .......... .......... .......... .......... 13%  129M 2s
  5250K .......... .......... .......... .......... .......... 13%  145M 2s
  5300K .......... .......... .......... .......... .......... 13%  145M 2s
  5350K .......... .......... .......... .......... .......... 13%  121M 2s
  5400K .......... .......... .......... .......... .......... 13%  141M 2s
  5450K .......... .......... .......... .......... .......... 13%  126M 2s
  5500K .......... .......... .......... .......... .......... 14% 10.4M 2s
  5550K .......... .......... .......... .......... .......... 14%  140M 2s
  5600K .......... .......... .......... .......... .......... 14%  126M 2s
  5650K .......... .......... .......... .......... .......... 14%  147M 2s
  5700K .......... .......... .......... .......... .......... 14%  130M 2s
  5750K .......... .......... .......... .......... .......... 14%  150M 2s
  5800K .......... .......... .......... .......... .......... 14%  155M 2s
  5850K .......... .......... .......... .......... .......... 14%  133M 2s
  5900K .......... .......... .......... .......... .......... 15%  153M 2s
  5950K .......... .......... .......... .......... .......... 15%  136M 2s
  6000K .......... .......... .......... .......... .......... 15%  156M 2s
  6050K .......... .......... .......... .......... .......... 15%  154M 2s
  6100K .......... .......... .......... .......... .......... 15% 76.1M 2s
  6150K .......... .......... .......... .......... .......... 15%  148M 2s
  6200K .......... .......... .......... .......... .......... 15%  127M 2s
  6250K .......... .......... .......... .......... .......... 15%  140M 2s
  6300K .......... .......... .......... .......... .......... 16%  151M 2s
  6350K .......... .......... .......... .......... .......... 16%  133M 2s
  6400K .......... .......... .......... .......... .......... 16%  153M 2s
  6450K .......... .......... .......... .......... .......... 16%  138M 2s
  6500K .......... .......... .......... .......... .......... 16%  152M 1s
  6550K .......... .......... .......... .......... .......... 16%  152M 1s
  6600K .......... .......... .......... .......... .......... 16%  133M 1s
  6650K .......... .......... .......... .......... .......... 16%  157M 1s
  6700K .......... .......... .......... .......... .......... 17%  132M 1s
  6750K .......... .......... .......... .......... .......... 17%  150M 1s
  6800K .......... .......... .......... .......... .......... 17%  148M 1s
  6850K .......... .......... .......... .......... .......... 17%  127M 1s
  6900K .......... .......... .......... .......... .......... 17%  147M 1s
  6950K .......... .......... .......... .......... .......... 17%  139M 1s
  7000K .......... .......... .......... .......... .......... 17%  154M 1s
  7050K .......... .......... .......... .......... .......... 17%  155M 1s
  7100K .......... .......... .......... .......... .......... 18%  135M 1s
  7150K .......... .......... .......... .......... .......... 18% 82.9M 1s
  7200K .......... .......... .......... .......... .......... 18%  123M 1s
  7250K .......... .......... .......... .......... .......... 18%  146M 1s
  7300K .......... .......... .......... .......... .......... 18%  144M 1s
  7350K .......... .......... .......... .......... .......... 18%  128M 1s
  7400K .......... .......... .......... .......... .......... 18%  132M 1s
  7450K .......... .......... .......... .......... .......... 18%  127M 1s
  7500K .......... .......... .......... .......... .......... 19%  146M 1s
  7550K .......... .......... .......... .......... .......... 19%  143M 1s
  7600K .......... .......... .......... .......... .......... 19%  132M 1s
  7650K .......... .......... .......... .......... .......... 19%  153M 1s
  7700K .......... .......... .......... .......... .......... 19%  133M 1s
  7750K .......... .......... .......... .......... .......... 19%  151M 1s
  7800K .......... .......... .......... .......... .......... 19%  154M 1s
  7850K .......... .......... .......... .......... .......... 19%  119M 1s
  7900K .......... .......... .......... .......... .......... 20%  152M 1s
  7950K .......... .......... .......... .......... .......... 20%  134M 1s
  8000K .......... .......... .......... .......... .......... 20%  152M 1s
  8050K .......... .......... .......... .......... .......... 20% 35.3M 1s
  8100K .......... .......... .......... .......... .......... 20%  125M 1s
  8150K .......... .......... .......... .......... .......... 20% 81.3M 1s
  8200K .......... .......... .......... .......... .......... 20%  133M 1s
  8250K .......... .......... .......... .......... .......... 20%  143M 1s
  8300K .......... .......... .......... .......... .......... 21%  143M 1s
  8350K .......... .......... .......... .......... .......... 21%  134M 1s
  8400K .......... .......... .......... .......... .......... 21%  152M 1s
  8450K .......... .......... .......... .......... .......... 21%  137M 1s
  8500K .......... .......... .......... .......... .......... 21%  152M 1s
  8550K .......... .......... .......... .......... .......... 21%  152M 1s
  8600K .......... .......... .......... .......... .......... 21%  132M 1s
  8650K .......... .......... .......... .......... .......... 21%  155M 1s
  8700K .......... .......... .......... .......... .......... 22%  134M 1s
  8750K .......... .......... .......... .......... .......... 22%  152M 1s
  8800K .......... .......... .......... .......... .......... 22%  154M 1s
  8850K .......... .......... .......... .......... .......... 22%  126M 1s
  8900K .......... .......... .......... .......... .......... 22%  144M 1s
  8950K .......... .......... .......... .......... .......... 22%  132M 1s
  9000K .......... .......... .......... .......... .......... 22%  150M 1s
  9050K .......... .......... .......... .......... .......... 22%  152M 1s
  9100K .......... .......... .......... .......... .......... 23%  134M 1s
  9150K .......... .......... .......... .......... .......... 23%  154M 1s
  9200K .......... .......... .......... .......... .......... 23% 76.1M 1s
  9250K .......... .......... .......... .......... .......... 23%  151M 1s
  9300K .......... .......... .......... .......... .......... 23%  145M 1s
  9350K .......... .......... .......... .......... .......... 23%  125M 1s
  9400K .......... .......... .......... .......... .......... 23%  147M 1s
  9450K .......... .......... .......... .......... .......... 23%  135M 1s
  9500K .......... .......... .......... .......... .......... 24%  155M 1s
  9550K .......... .......... .......... .......... .......... 24%  152M 1s
  9600K .......... .......... .......... .......... .......... 24%  134M 1s
  9650K .......... .......... .......... .......... .......... 24%  156M 1s
  9700K .......... .......... .......... .......... .......... 24%  136M 1s
  9750K .......... .......... .......... .......... .......... 24%  156M 1s
  9800K .......... .......... .......... .......... .......... 24%  155M 1s
  9850K .......... .......... .......... .......... .......... 25%  131M 1s
  9900K .......... .......... .......... .......... .......... 25%  154M 1s
  9950K .......... .......... .......... .......... .......... 25%  134M 1s
 10000K .......... .......... .......... .......... .......... 25%  154M 1s
 10050K .......... .......... .......... .......... .......... 25%  154M 1s
 10100K .......... .......... .......... .......... .......... 25%  132M 1s
 10150K .......... .......... .......... .......... .......... 25%  147M 1s
 10200K .......... .......... .......... .......... .......... 25% 74.0M 1s
 10250K .......... .......... .......... .......... .......... 26% 12.7M 1s
 10300K .......... .......... .......... .......... .......... 26%  111M 1s
 10350K .......... .......... .......... .......... .......... 26%  126M 1s
 10400K .......... .......... .......... .......... .......... 26%  146M 1s
 10450K .......... .......... .......... .......... .......... 26%  131M 1s
 10500K .......... .......... .......... .......... .......... 26%  155M 1s
 10550K .......... .......... .......... .......... .......... 26%  149M 1s
 10600K .......... .......... .......... .......... .......... 26%  135M 1s
 10650K .......... .......... .......... .......... .......... 27%  155M 1s
 10700K .......... .......... .......... .......... .......... 27%  135M 1s
 10750K .......... .......... .......... .......... .......... 27%  155M 1s
 10800K .......... .......... .......... .......... .......... 27%  146M 1s
 10850K .......... .......... .......... .......... .......... 27%  127M 1s
 10900K .......... .......... .......... .......... .......... 27%  146M 1s
 10950K .......... .......... .......... .......... .......... 27%  128M 1s
 11000K .......... .......... .......... .......... .......... 27%  139M 1s
 11050K .......... .......... .......... .......... .......... 28%  138M 1s
 11100K .......... .......... .......... .......... .......... 28%  115M 1s
 11150K .......... .......... .......... .......... .......... 28%  133M 1s
 11200K .......... .......... .......... .......... .......... 28%  131M 1s
 11250K .......... .......... .......... .......... .......... 28% 78.5M 1s
 11300K .......... .......... .......... .......... .......... 28%  144M 1s
 11350K .......... .......... .......... .......... .......... 28%  124M 1s
 11400K .......... .......... .......... .......... .......... 28%  143M 1s
 11450K .......... .......... .......... .......... .......... 29%  119M 1s
 11500K .......... .......... .......... .......... .......... 29%  133M 1s
 11550K .......... .......... .......... .......... .......... 29%  141M 1s
 11600K .......... .......... .......... .......... .......... 29%  122M 1s
 11650K .......... .......... .......... .......... .......... 29%  151M 1s
 11700K .......... .......... .......... .......... .......... 29%  136M 1s
 11750K .......... .......... .......... .......... .......... 29%  154M 1s
 11800K .......... .......... .......... .......... .......... 29%  154M 1s
 11850K .......... .......... .......... .......... .......... 30%  134M 1s
 11900K .......... .......... .......... .......... .......... 30%  156M 1s
 11950K .......... .......... .......... .......... .......... 30%  135M 1s
 12000K .......... .......... .......... .......... .......... 30%  155M 1s
 12050K .......... .......... .......... .......... .......... 30%  154M 1s
 12100K .......... .......... .......... .......... .......... 30%  131M 1s
 12150K .......... .......... .......... .......... .......... 30%  154M 1s
 12200K .......... .......... .......... .......... .......... 30%  135M 1s
 12250K .......... .......... .......... .......... .......... 31% 77.0M 1s
 12300K .......... .......... .......... .......... .......... 31%  140M 1s
 12350K .......... .......... .......... .......... .......... 31%  117M 1s
 12400K .......... .......... .......... .......... .......... 31%  141M 1s
 12450K .......... .......... .......... .......... .......... 31%  136M 1s
 12500K .......... .......... .......... .......... .......... 31%  149M 1s
 12550K .......... .......... .......... .......... .......... 31%  154M 1s
 12600K .......... .......... .......... .......... .......... 31%  131M 1s
 12650K .......... .......... .......... .......... .......... 32%  156M 1s
 12700K .......... .......... .......... .......... .......... 32%  134M 1s
 12750K .......... .......... .......... .......... .......... 32%  155M 1s
 12800K .......... .......... .......... .......... .......... 32%  156M 1s
 12850K .......... .......... .......... .......... .......... 32%  134M 1s
 12900K .......... .......... .......... .......... .......... 32%  145M 1s
 12950K .......... .......... .......... .......... .......... 32%  130M 1s
 13000K .......... .......... .......... .......... .......... 32%  146M 1s
 13050K .......... .......... .......... .......... .......... 33%  141M 1s
 13100K .......... .......... .......... .......... .......... 33%  131M 1s
 13150K .......... .......... .......... .......... .......... 33%  155M 1s
 13200K .......... .......... .......... .......... .......... 33%  134M 1s
 13250K .......... .......... .......... .......... .......... 33%  154M 1s
 13300K .......... .......... .......... .......... .......... 33% 77.4M 1s
 13350K .......... .......... .......... .......... .......... 33%  118M 1s
 13400K .......... .......... .......... .......... .......... 33%  145M 1s
 13450K .......... .......... .......... .......... .......... 34%  128M 1s
 13500K .......... .......... .......... .......... .......... 34%  155M 1s
 13550K .......... .......... .......... .......... .......... 34%  154M 1s
 13600K .......... .......... .......... .......... .......... 34%  133M 1s
 13650K .......... .......... .......... .......... .......... 34%  141M 1s
 13700K .......... .......... .......... .......... .......... 34%  132M 1s
 13750K .......... .......... .......... .......... .......... 34%  146M 1s
 13800K .......... .......... .......... .......... .......... 34%  150M 1s
 13850K .......... .......... .......... .......... .......... 35%  131M 1s
 13900K .......... .......... .......... .......... .......... 35%  153M 1s
 13950K .......... .......... .......... .......... .......... 35%  134M 1s
 14000K .......... .......... .......... .......... .......... 35%  152M 1s
 14050K .......... .......... .......... .......... .......... 35%  155M 1s
 14100K .......... .......... .......... .......... .......... 35%  129M 1s
 14150K .......... .......... .......... .......... .......... 35%  151M 1s
 14200K .......... .......... .......... .......... .......... 35%  130M 1s
 14250K .......... .......... .......... .......... .......... 36%  152M 1s
 14300K .......... .......... .......... .......... .......... 36% 83.2M 1s
 14350K .......... .......... .......... .......... .......... 36%  125M 1s
 14400K .......... .......... .......... .......... .......... 36%  145M 1s
 14450K .......... .......... .......... .......... .......... 36%  136M 1s
 14500K .......... .......... .......... .......... .......... 36%  155M 1s
 14550K .......... .......... .......... .......... .......... 36%  155M 1s
 14600K .......... .......... .......... .......... .......... 37%  134M 1s
 14650K .......... .......... .......... .......... .......... 37%  156M 1s
 14700K .......... .......... .......... .......... .......... 37%  134M 1s
 14750K .......... .......... .......... .......... .......... 37%  155M 1s
 14800K .......... .......... .......... .......... .......... 37%  154M 1s
 14850K .......... .......... .......... .......... .......... 37%  133M 1s
 14900K .......... .......... .......... .......... .......... 37%  154M 1s
 14950K .......... .......... .......... .......... .......... 37% 55.1M 1s
 15000K .......... .......... .......... .......... .......... 38%  149M 1s
 15050K .......... .......... .......... .......... .......... 38%  149M 1s
 15100K .......... .......... .......... .......... .......... 38%  125M 1s
 15150K .......... .......... .......... .......... .......... 38%  149M 1s
 15200K .......... .......... .......... .......... .......... 38%  128M 1s
 15250K .......... .......... .......... .......... .......... 38%  156M 1s
 15300K .......... .......... .......... .......... .......... 38%  156M 1s
 15350K .......... .......... .......... .......... .......... 38% 74.3M 1s
 15400K .......... .......... .......... .......... .......... 39%  142M 1s
 15450K .......... .......... .......... .......... .......... 39%  125M 1s
 15500K .......... .......... .......... .......... .......... 39%  141M 1s
 15550K .......... .......... .......... .......... .......... 39%  146M 1s
 15600K .......... .......... .......... .......... .......... 39%  128M 1s
 15650K .......... .......... .......... .......... .......... 39%  152M 1s
 15700K .......... .......... .......... .......... .......... 39%  132M 1s
 15750K .......... .......... .......... .......... .......... 39%  153M 1s
 15800K .......... .......... .......... .......... .......... 40%  152M 1s
 15850K .......... .......... .......... .......... .......... 40%  132M 1s
 15900K .......... .......... .......... .......... .......... 40%  154M 1s
 15950K .......... .......... .......... .......... .......... 40%  136M 1s
 16000K .......... .......... .......... .......... .......... 40%  154M 1s
 16050K .......... .......... .......... .......... .......... 40%  153M 1s
 16100K .......... .......... .......... .......... .......... 40%  134M 1s
 16150K .......... .......... .......... .......... .......... 40%  155M 1s
 16200K .......... .......... .......... .......... .......... 41%  134M 1s
 16250K .......... .......... .......... .......... .......... 41%  154M 1s
 16300K .......... .......... .......... .......... .......... 41%  146M 1s
 16350K .......... .......... .......... .......... .......... 41% 75.1M 1s
 16400K .......... .......... .......... .......... .......... 41%  152M 1s
 16450K .......... .......... .......... .......... .......... 41%  131M 1s
 16500K .......... .......... .......... .......... .......... 41%  149M 1s
 16550K .......... .......... .......... .......... .......... 41%  153M 1s
 16600K .......... .......... .......... .......... .......... 42%  132M 1s
 16650K .......... .......... .......... .......... .......... 42%  154M 1s
 16700K .......... .......... .......... .......... .......... 42%  137M 1s
 16750K .......... .......... .......... .......... .......... 42%  154M 1s
 16800K .......... .......... .......... .......... .......... 42%  155M 1s
 16850K .......... .......... .......... .......... .......... 42%  133M 1s
 16900K .......... .......... .......... .......... .......... 42%  153M 1s
 16950K .......... .......... .......... .......... .......... 42%  137M 1s
 17000K .......... .......... .......... .......... .......... 43%  155M 0s
 17050K .......... .......... .......... .......... .......... 43%  151M 0s
 17100K .......... .......... .......... .......... .......... 43%  134M 0s
 17150K .......... .......... .......... .......... .......... 43%  155M 0s
 17200K .......... .......... .......... .......... .......... 43% 52.8M 0s
 17250K .......... .......... .......... .......... .......... 43%  148M 0s
 17300K .......... .......... .......... .......... .......... 43%  156M 0s
 17350K .......... .......... .......... .......... .......... 43%  119M 0s
 17400K .......... .......... .......... .......... .......... 44% 19.7M 0s
 17450K .......... .......... .......... .......... .......... 44%  132M 0s
 17500K .......... .......... .......... .......... .......... 44%  152M 0s
 17550K .......... .......... .......... .......... .......... 44%  148M 0s
 17600K .......... .......... .......... .......... .......... 44% 95.2M 0s
 17650K .......... .......... .......... .......... .......... 44% 6.65M 0s
 17700K .......... .......... .......... .......... .......... 44%  128M 0s
 17750K .......... .......... .......... .......... .......... 44%  150M 0s
 17800K .......... .......... .......... .......... .......... 45%  149M 0s
 17850K .......... .......... .......... .......... .......... 45%  130M 0s
 17900K .......... .......... .......... .......... .......... 45%  151M 0s
 17950K .......... .......... .......... .......... .......... 45%  132M 0s
 18000K .......... .......... .......... .......... .......... 45%  135M 0s
 18050K .......... .......... .......... .......... .......... 45%  148M 0s
 18100K .......... .......... .......... .......... .......... 45% 44.1M 0s
 18150K .......... .......... .......... .......... .......... 45%  143M 0s
 18200K .......... .......... .......... .......... .......... 46%  125M 0s
 18250K .......... .......... .......... .......... .......... 46%  139M 0s
 18300K .......... .......... .......... .......... .......... 46%  143M 0s
 18350K .......... .......... .......... .......... .......... 46% 99.3M 0s
 18400K .......... .......... .......... .......... .......... 46% 73.8M 0s
 18450K .......... .......... .......... .......... .......... 46%  125M 0s
 18500K .......... .......... .......... .......... .......... 46%  141M 0s
 18550K .......... .......... .......... .......... .......... 46%  146M 0s
 18600K .......... .......... .......... .......... .......... 47%  128M 0s
 18650K .......... .......... .......... .......... .......... 47%  151M 0s
 18700K .......... .......... .......... .......... .......... 47%  131M 0s
 18750K .......... .......... .......... .......... .......... 47%  150M 0s
 18800K .......... .......... .......... .......... .......... 47%  145M 0s
 18850K .......... .......... .......... .......... .......... 47%  125M 0s
 18900K .......... .......... .......... .......... .......... 47% 94.9M 0s
 18950K .......... .......... .......... .......... .......... 47%  133M 0s
 19000K .......... .......... .......... .......... .......... 48% 93.8M 0s
 19050K .......... .......... .......... .......... .......... 48%  130M 0s
 19100K .......... .......... .......... .......... .......... 48%  129M 0s
 19150K .......... .......... .......... .......... .......... 48%  153M 0s
 19200K .......... .......... .......... .......... .......... 48%  136M 0s
 19250K .......... .......... .......... .......... .......... 48% 28.0M 0s
 19300K .......... .......... .......... .......... .......... 48%  153M 0s
 19350K .......... .......... .......... .......... .......... 49%  133M 0s
 19400K .......... .......... .......... .......... .......... 49%  156M 0s
 19450K .......... .......... .......... .......... .......... 49% 71.5M 0s
 19500K .......... .......... .......... .......... .......... 49% 8.79M 0s
 19550K .......... .......... .......... .......... .......... 49%  106M 0s
 19600K .......... .......... .......... .......... .......... 49%  123M 0s
 19650K .......... .......... .......... .......... .......... 49%  145M 0s
 19700K .......... .......... .......... .......... .......... 49%  125M 0s
 19750K .......... .......... .......... .......... .......... 50%  150M 0s
 19800K .......... .......... .......... .......... .......... 50%  152M 0s
 19850K .......... .......... .......... .......... .......... 50%  122M 0s
 19900K .......... .......... .......... .......... .......... 50%  150M 0s
 19950K .......... .......... .......... .......... .......... 50%  131M 0s
 20000K .......... .......... .......... .......... .......... 50%  114M 0s
 20050K .......... .......... .......... .......... .......... 50%  114M 0s
 20100K .......... .......... .......... .......... .......... 50%  102M 0s
 20150K .......... .......... .......... .......... .......... 51%  152M 0s
 20200K .......... .......... .......... .......... .......... 51% 1.65M 0s
 20250K .......... .......... .......... .......... .......... 51%  146M 0s
 20300K .......... .......... .......... .......... .......... 51%  152M 0s
 20350K .......... .......... .......... .......... .......... 51%  131M 0s
 20400K .......... .......... .......... .......... .......... 51%  151M 0s
 20450K .......... .......... .......... .......... .......... 51% 75.2M 0s
 20500K .......... .......... .......... .......... .......... 51%  140M 0s
 20550K .......... .......... .......... .......... .......... 52%  145M 0s
 20600K .......... .......... .......... .......... .......... 52%  123M 0s
 20650K .......... .......... .......... .......... .......... 52%  153M 0s
 20700K .......... .......... .......... .......... .......... 52%  134M 0s
 20750K .......... .......... .......... .......... .......... 52%  150M 0s
 20800K .......... .......... .......... .......... .......... 52%  151M 0s
 20850K .......... .......... .......... .......... .......... 52%  131M 0s
 20900K .......... .......... .......... .......... .......... 52%  151M 0s
 20950K .......... .......... .......... .......... .......... 53%  131M 0s
 21000K .......... .......... .......... .......... .......... 53%  149M 0s
 21050K .......... .......... .......... .......... .......... 53%  152M 0s
 21100K .......... .......... .......... .......... .......... 53%  132M 0s
 21150K .......... .......... .......... .......... .......... 53%  149M 0s
 21200K .......... .......... .......... .......... .......... 53%  133M 0s
 21250K .......... .......... .......... .......... .......... 53%  153M 0s
 21300K .......... .......... .......... .......... .......... 53%  152M 0s
 21350K .......... .......... .......... .......... .......... 54%  123M 0s
 21400K .......... .......... .......... .......... .......... 54%  151M 0s
 21450K .......... .......... .......... .......... .......... 54%  132M 0s
 21500K .......... .......... .......... .......... .......... 54% 79.2M 0s
 21550K .......... .......... .......... .......... .......... 54%  151M 0s
 21600K .......... .......... .......... .......... .......... 54%  133M 0s
 21650K .......... .......... .......... .......... .......... 54%  155M 0s
 21700K .......... .......... .......... .......... .......... 54%  134M 0s
 21750K .......... .......... .......... .......... .......... 55%  153M 0s
 21800K .......... .......... .......... .......... .......... 55%  154M 0s
 21850K .......... .......... .......... .......... .......... 55%  132M 0s
 21900K .......... .......... .......... .......... .......... 55%  154M 0s
 21950K .......... .......... .......... .......... .......... 55%  137M 0s
 22000K .......... .......... .......... .......... .......... 55%  151M 0s
 22050K .......... .......... .......... .......... .......... 55%  153M 0s
 22100K .......... .......... .......... .......... .......... 55%  133M 0s
 22150K .......... .......... .......... .......... .......... 56%  151M 0s
 22200K .......... .......... .......... .......... .......... 56%  135M 0s
 22250K .......... .......... .......... .......... .......... 56%  152M 0s
 22300K .......... .......... .......... .......... .......... 56%  151M 0s
 22350K .......... .......... .......... .......... .......... 56%  132M 0s
 22400K .......... .......... .......... .......... .......... 56%  153M 0s
 22450K .......... .......... .......... .......... .......... 56%  134M 0s
 22500K .......... .......... .......... .......... .......... 56% 81.1M 0s
 22550K .......... .......... .......... .......... .......... 57%  140M 0s
 22600K .......... .......... .......... .......... .......... 57%  125M 0s
 22650K .......... .......... .......... .......... .......... 57%  144M 0s
 22700K .......... .......... .......... .......... .......... 57%  131M 0s
 22750K .......... .......... .......... .......... .......... 57%  138M 0s
 22800K .......... .......... .......... .......... .......... 57%  145M 0s
 22850K .......... .......... .......... .......... .......... 57%  114M 0s
 22900K .......... .......... .......... .......... .......... 57%  140M 0s
 22950K .......... .......... .......... .......... .......... 58%  127M 0s
 23000K .......... .......... .......... .......... .......... 58%  152M 0s
 23050K .......... .......... .......... .......... .......... 58%  154M 0s
 23100K .......... .......... .......... .......... .......... 58%  133M 0s
 23150K .......... .......... .......... .......... .......... 58%  155M 0s
 23200K .......... .......... .......... .......... .......... 58%  136M 0s
 23250K .......... .......... .......... .......... .......... 58%  152M 0s
 23300K .......... .......... .......... .......... .......... 58%  153M 0s
 23350K .......... .......... .......... .......... .......... 59%  133M 0s
 23400K .......... .......... .......... .......... .......... 59%  151M 0s
 23450K .......... .......... .......... .......... .......... 59%  135M 0s
 23500K .......... .......... .......... .......... .......... 59%  154M 0s
 23550K .......... .......... .......... .......... .......... 59% 80.6M 0s
 23600K .......... .......... .......... .......... .......... 59%  133M 0s
 23650K .......... .......... .......... .......... .......... 59%  153M 0s
 23700K .......... .......... .......... .......... .......... 59%  134M 0s
 23750K .......... .......... .......... .......... .......... 60%  151M 0s
 23800K .......... .......... .......... .......... .......... 60%  152M 0s
 23850K .......... .......... .......... .......... .......... 60%  134M 0s
 23900K .......... .......... .......... .......... .......... 60%  156M 0s
 23950K .......... .......... .......... .......... .......... 60%  133M 0s
 24000K .......... .......... .......... .......... .......... 60%  155M 0s
 24050K .......... .......... .......... .......... .......... 60%  137M 0s
 24100K .......... .......... .......... .......... .......... 61%  129M 0s
 24150K .......... .......... .......... .......... .......... 61%  144M 0s
 24200K .......... .......... .......... .......... .......... 61%  130M 0s
 24250K .......... .......... .......... .......... .......... 61%  148M 0s
 24300K .......... .......... .......... .......... .......... 61%  154M 0s
 24350K .......... .......... .......... .......... .......... 61%  134M 0s
 24400K .......... .......... .......... .......... .......... 61%  153M 0s
 24450K .......... .......... .......... .......... .......... 61%  138M 0s
 24500K .......... .......... .......... .......... .......... 62%  154M 0s
 24550K .......... .......... .......... .......... .......... 62% 73.3M 0s
 24600K .......... .......... .......... .......... .......... 62%  127M 0s
 24650K .......... .......... .......... .......... .......... 62%  146M 0s
 24700K .......... .......... .......... .......... .......... 62%  129M 0s
 24750K .......... .......... .......... .......... .......... 62%  146M 0s
 24800K .......... .......... .......... .......... .......... 62%  147M 0s
 24850K .......... .......... .......... .......... .......... 62%  124M 0s
 24900K .......... .......... .......... .......... .......... 63%  152M 0s
 24950K .......... .......... .......... .......... .......... 63% 10.6M 0s
 25000K .......... .......... .......... .......... .......... 63%  135M 0s
 25050K .......... .......... .......... .......... .......... 63%  135M 0s
 25100K .......... .......... .......... .......... .......... 63%  117M 0s
 25150K .......... .......... .......... .......... .......... 63%  139M 0s
 25200K .......... .......... .......... .......... .......... 63%  126M 0s
 25250K .......... .......... .......... .......... .......... 63%  154M 0s
 25300K .......... .......... .......... .......... .......... 64%  146M 0s
 25350K .......... .......... .......... .......... .......... 64%  126M 0s
 25400K .......... .......... .......... .......... .......... 64%  146M 0s
 25450K .......... .......... .......... .......... .......... 64%  126M 0s
 25500K .......... .......... .......... .......... .......... 64%  155M 0s
 25550K .......... .......... .......... .......... .......... 64%  154M 0s
 25600K .......... .......... .......... .......... .......... 64% 74.8M 0s
 25650K .......... .......... .......... .......... .......... 64%  155M 0s
 25700K .......... .......... .......... .......... .......... 65%  122M 0s
 25750K .......... .......... .......... .......... .......... 65%  156M 0s
 25800K .......... .......... .......... .......... .......... 65%  151M 0s
 25850K .......... .......... .......... .......... .......... 65%  130M 0s
 25900K .......... .......... .......... .......... .......... 65%  151M 0s
 25950K .......... .......... .......... .......... .......... 65%  132M 0s
 26000K .......... .......... .......... .......... .......... 65%  152M 0s
 26050K .......... .......... .......... .......... .......... 65%  151M 0s
 26100K .......... .......... .......... .......... .......... 66%  117M 0s
 26150K .......... .......... .......... .......... .......... 66%  144M 0s
 26200K .......... .......... .......... .......... .......... 66%  124M 0s
 26250K .......... .......... .......... .......... .......... 66%  144M 0s
 26300K .......... .......... .......... .......... .......... 66%  147M 0s
 26350K .......... .......... .......... .......... .......... 66%  134M 0s
 26400K .......... .......... .......... .......... .......... 66%  154M 0s
 26450K .......... .......... .......... .......... .......... 66%  139M 0s
 26500K .......... .......... .......... .......... .......... 67%  156M 0s
 26550K .......... .......... .......... .......... .......... 67%  154M 0s
 26600K .......... .......... .......... .......... .......... 67% 72.5M 0s
 26650K .......... .......... .......... .......... .......... 67%  145M 0s
 26700K .......... .......... .......... .......... .......... 67%  128M 0s
 26750K .......... .......... .......... .......... .......... 67%  147M 0s
 26800K .......... .......... .......... .......... .......... 67%  152M 0s
 26850K .......... .......... .......... .......... .......... 67%  133M 0s
 26900K .......... .......... .......... .......... .......... 68%  155M 0s
 26950K .......... .......... .......... .......... .......... 68%  134M 0s
 27000K .......... .......... .......... .......... .......... 68%  153M 0s
 27050K .......... .......... .......... .......... .......... 68%  153M 0s
 27100K .......... .......... .......... .......... .......... 68%  133M 0s
 27150K .......... .......... .......... .......... .......... 68%  155M 0s
 27200K .......... .......... .......... .......... .......... 68%  123M 0s
 27250K .......... .......... .......... .......... .......... 68%  150M 0s
 27300K .......... .......... .......... .......... .......... 69%  152M 0s
 27350K .......... .......... .......... .......... .......... 69%  132M 0s
 27400K .......... .......... .......... .......... .......... 69%  152M 0s
 27450K .......... .......... .......... .......... .......... 69%  132M 0s
 27500K .......... .......... .......... .......... .......... 69% 49.4M 0s
 27550K .......... .......... .......... .......... .......... 69%  142M 0s
 27600K .......... .......... .......... .......... .......... 69% 74.5M 0s
 27650K .......... .......... .......... .......... .......... 69%  139M 0s
 27700K .......... .......... .......... .......... .......... 70%  122M 0s
 27750K .......... .......... .......... .......... .......... 70%  143M 0s
 27800K .......... .......... .......... .......... .......... 70%  153M 0s
 27850K .......... .......... .......... .......... .......... 70%  132M 0s
 27900K .......... .......... .......... .......... .......... 70%  152M 0s
 27950K .......... .......... .......... .......... .......... 70%  134M 0s
 28000K .......... .......... .......... .......... .......... 70%  152M 0s
 28050K .......... .......... .......... .......... .......... 70%  155M 0s
 28100K .......... .......... .......... .......... .......... 71%  133M 0s
 28150K .......... .......... .......... .......... .......... 71%  153M 0s
 28200K .......... .......... .......... .......... .......... 71%  136M 0s
 28250K .......... .......... .......... .......... .......... 71%  155M 0s
 28300K .......... .......... .......... .......... .......... 71%  157M 0s
 28350K .......... .......... .......... .......... .......... 71%  134M 0s
 28400K .......... .......... .......... .......... .......... 71%  152M 0s
 28450K .......... .......... .......... .......... .......... 71%  136M 0s
 28500K .......... .......... .......... .......... .......... 72%  155M 0s
 28550K .......... .......... .......... .......... .......... 72% 38.2M 0s
 28600K .......... .......... .......... .......... .......... 72%  125M 0s
 28650K .......... .......... .......... .......... .......... 72% 75.4M 0s
 28700K .......... .......... .......... .......... .......... 72%  123M 0s
 28750K .......... .......... .......... .......... .......... 72%  152M 0s
 28800K .......... .......... .......... .......... .......... 72%  155M 0s
 28850K .......... .......... .......... .......... .......... 73%  133M 0s
 28900K .......... .......... .......... .......... .......... 73%  154M 0s
 28950K .......... .......... .......... .......... .......... 73%  134M 0s
 29000K .......... .......... .......... .......... .......... 73%  154M 0s
 29050K .......... .......... .......... .......... .......... 73%  155M 0s
 29100K .......... .......... .......... .......... .......... 73%  133M 0s
 29150K .......... .......... .......... .......... .......... 73%  154M 0s
 29200K .......... .......... .......... .......... .......... 73%  135M 0s
 29250K .......... .......... .......... .......... .......... 74%  151M 0s
 29300K .......... .......... .......... .......... .......... 74%  154M 0s
 29350K .......... .......... .......... .......... .......... 74%  134M 0s
 29400K .......... .......... .......... .......... .......... 74%  154M 0s
 29450K .......... .......... .......... .......... .......... 74%  133M 0s
 29500K .......... .......... .......... .......... .......... 74%  151M 0s
 29550K .......... .......... .......... .......... .......... 74%  152M 0s
 29600K .......... .......... .......... .......... .......... 74%  135M 0s
 29650K .......... .......... .......... .......... .......... 75%  149M 0s
 29700K .......... .......... .......... .......... .......... 75% 70.2M 0s
 29750K .......... .......... .......... .......... .......... 75%  150M 0s
 29800K .......... .......... .......... .......... .......... 75%  153M 0s
 29850K .......... .......... .......... .......... .......... 75%  135M 0s
 29900K .......... .......... .......... .......... .......... 75%  157M 0s
 29950K .......... .......... .......... .......... .......... 75%  136M 0s
 30000K .......... .......... .......... .......... .......... 75%  153M 0s
 30050K .......... .......... .......... .......... .......... 76%  148M 0s
 30100K .......... .......... .......... .......... .......... 76%  126M 0s
 30150K .......... .......... .......... .......... .......... 76%  151M 0s
 30200K .......... .......... .......... .......... .......... 76%  130M 0s
 30250K .......... .......... .......... .......... .......... 76%  142M 0s
 30300K .......... .......... .......... .......... .......... 76%  147M 0s
 30350K .......... .......... .......... .......... .......... 76%  127M 0s
 30400K .......... .......... .......... .......... .......... 76%  144M 0s
 30450K .......... .......... .......... .......... .......... 77%  127M 0s
 30500K .......... .......... .......... .......... .......... 77%  154M 0s
 30550K .......... .......... .......... .......... .......... 77%  155M 0s
 30600K .......... .......... .......... .......... .......... 77%  132M 0s
 30650K .......... .......... .......... .......... .......... 77%  155M 0s
 30700K .......... .......... .......... .......... .......... 77% 74.9M 0s
 30750K .......... .......... .......... .......... .......... 77%  147M 0s
 30800K .......... .......... .......... .......... .......... 77%  156M 0s
 30850K .......... .......... .......... .......... .......... 78%  135M 0s
 30900K .......... .......... .......... .......... .......... 78%  153M 0s
 30950K .......... .......... .......... .......... .......... 78%  135M 0s
 31000K .......... .......... .......... .......... .......... 78%  155M 0s
 31050K .......... .......... .......... .......... .......... 78%  154M 0s
 31100K .......... .......... .......... .......... .......... 78% 36.6M 0s
 31150K .......... .......... .......... .......... .......... 78%  150M 0s
 31200K .......... .......... .......... .......... .......... 78%  135M 0s
 31250K .......... .......... .......... .......... .......... 79%  153M 0s
 31300K .......... .......... .......... .......... .......... 79%  156M 0s
 31350K .......... .......... .......... .......... .......... 79%  134M 0s
 31400K .......... .......... .......... .......... .......... 79%  152M 0s
 31450K .......... .......... .......... .......... .......... 79%  138M 0s
 31500K .......... .......... .......... .......... .......... 79%  157M 0s
 31550K .......... .......... .......... .......... .......... 79%  159M 0s
 31600K .......... .......... .......... .......... .......... 79%  136M 0s
 31650K .......... .......... .......... .......... .......... 80%  155M 0s
 31700K .......... .......... .......... .......... .......... 80% 86.1M 0s
 31750K .......... .......... .......... .......... .......... 80%  145M 0s
 31800K .......... .......... .......... .......... .......... 80%  147M 0s
 31850K .......... .......... .......... .......... .......... 80%  125M 0s
 31900K .......... .......... .......... .......... .......... 80%  154M 0s
 31950K .......... .......... .......... .......... .......... 80%  135M 0s
 32000K .......... .......... .......... .......... .......... 80%  152M 0s
 32050K .......... .......... .......... .......... .......... 81%  154M 0s
 32100K .......... .......... .......... .......... .......... 81%  134M 0s
 32150K .......... .......... .......... .......... .......... 81% 37.8M 0s
 32200K .......... .......... .......... .......... .......... 81%  118M 0s
 32250K .......... .......... .......... .......... .......... 81%  140M 0s
 32300K .......... .......... .......... .......... .......... 81%  143M 0s
 32350K .......... .......... .......... .......... .......... 81%  122M 0s
 32400K .......... .......... .......... .......... .......... 81%  153M 0s
 32450K .......... .......... .......... .......... .......... 82%  127M 0s
 32500K .......... .......... .......... .......... .......... 82%  147M 0s
 32550K .......... .......... .......... .......... .......... 82%  149M 0s
 32600K .......... .......... .......... .......... .......... 82%  133M 0s
 32650K .......... .......... .......... .......... .......... 82%  138M 0s
 32700K .......... .......... .......... .......... .......... 82%  131M 0s
 32750K .......... .......... .......... .......... .......... 82% 80.4M 0s
 32800K .......... .......... .......... .......... .......... 82%  150M 0s
 32850K .......... .......... .......... .......... .......... 83%  132M 0s
 32900K .......... .......... .......... .......... .......... 83%  151M 0s
 32950K .......... .......... .......... .......... .......... 83%  134M 0s
 33000K .......... .......... .......... .......... .......... 83%  154M 0s
 33050K .......... .......... .......... .......... .......... 83%  153M 0s
 33100K .......... .......... .......... .......... .......... 83%  134M 0s
 33150K .......... .......... .......... .......... .......... 83%  151M 0s
 33200K .......... .......... .......... .......... .......... 83%  134M 0s
 33250K .......... .......... .......... .......... .......... 84%  150M 0s
 33300K .......... .......... .......... .......... .......... 84%  147M 0s
 33350K .......... .......... .......... .......... .......... 84%  131M 0s
 33400K .......... .......... .......... .......... .......... 84%  150M 0s
 33450K .......... .......... .......... .......... .......... 84%  134M 0s
 33500K .......... .......... .......... .......... .......... 84%  152M 0s
 33550K .......... .......... .......... .......... .......... 84%  155M 0s
 33600K .......... .......... .......... .......... .......... 85%  134M 0s
 33650K .......... .......... .......... .......... .......... 85%  153M 0s
 33700K .......... .......... .......... .......... .......... 85%  135M 0s
 33750K .......... .......... .......... .......... .......... 85% 78.5M 0s
 33800K .......... .......... .......... .......... .......... 85%  146M 0s
 33850K .......... .......... .......... .......... .......... 85%  126M 0s
 33900K .......... .......... .......... .......... .......... 85% 6.81M 0s
 33950K .......... .......... .......... .......... .......... 85%  129M 0s
 34000K .......... .......... .......... .......... .......... 86%  149M 0s
 34050K .......... .......... .......... .......... .......... 86%  150M 0s
 34100K .......... .......... .......... .......... .......... 86%  135M 0s
 34150K .......... .......... .......... .......... .......... 86% 74.6M 0s
 34200K .......... .......... .......... .......... .......... 86%  114M 0s
 34250K .......... .......... .......... .......... .......... 86%  141M 0s
 34300K .......... .......... .......... .......... .......... 86%  142M 0s
 34350K .......... .......... .......... .......... .......... 86%  129M 0s
 34400K .......... .......... .......... .......... .......... 87% 24.8M 0s
 34450K .......... .......... .......... .......... .......... 87%  127M 0s
 34500K .......... .......... .......... .......... .......... 87%  151M 0s
 34550K .......... .......... .......... .......... .......... 87%  150M 0s
 34600K .......... .......... .......... .......... .......... 87%  127M 0s
 34650K .......... .......... .......... .......... .......... 87%  153M 0s
 34700K .......... .......... .......... .......... .......... 87%  133M 0s
 34750K .......... .......... .......... .......... .......... 87%  151M 0s
 34800K .......... .......... .......... .......... .......... 88% 80.0M 0s
 34850K .......... .......... .......... .......... .......... 88%  121M 0s
 34900K .......... .......... .......... .......... .......... 88%  139M 0s
 34950K .......... .......... .......... .......... .......... 88%  127M 0s
 35000K .......... .......... .......... .......... .......... 88%  138M 0s
 35050K .......... .......... .......... .......... .......... 88%  151M 0s
 35100K .......... .......... .......... .......... .......... 88%  131M 0s
 35150K .......... .......... .......... .......... .......... 88%  147M 0s
 35200K .......... .......... .......... .......... .......... 89%  134M 0s
 35250K .......... .......... .......... .......... .......... 89%  141M 0s
 35300K .......... .......... .......... .......... .......... 89%  138M 0s
 35350K .......... .......... .......... .......... .......... 89%  127M 0s
 35400K .......... .......... .......... .......... .......... 89% 12.6M 0s
 35450K .......... .......... .......... .......... .......... 89%  120M 0s
 35500K .......... .......... .......... .......... .......... 89%  146M 0s
 35550K .......... .......... .......... .......... .......... 89%  148M 0s
 35600K .......... .......... .......... .......... .......... 90%  131M 0s
 35650K .......... .......... .......... .......... .......... 90%  145M 0s
 35700K .......... .......... .......... .......... .......... 90%  125M 0s
 35750K .......... .......... .......... .......... .......... 90%  141M 0s
 35800K .......... .......... .......... .......... .......... 90% 55.2M 0s
 35850K .......... .......... .......... .......... .......... 90%  112M 0s
 35900K .......... .......... .......... .......... .......... 90%  130M 0s
 35950K .......... .......... .......... .......... .......... 90%  126M 0s
 36000K .......... .......... .......... .......... .......... 91%  128M 0s
 36050K .......... .......... .......... .......... .......... 91%  131M 0s
 36100K .......... .......... .......... .......... .......... 91%  119M 0s
 36150K .......... .......... .......... .......... .......... 91%  143M 0s
 36200K .......... .......... .......... .......... .......... 91%  120M 0s
 36250K .......... .......... .......... .......... .......... 91%  140M 0s
 36300K .......... .......... .......... .......... .......... 91%  149M 0s
 36350K .......... .......... .......... .......... .......... 91%  123M 0s
 36400K .......... .......... .......... .......... .......... 92%  151M 0s
 36450K .......... .......... .......... .......... .......... 92%  131M 0s
 36500K .......... .......... .......... .......... .......... 92%  151M 0s
 36550K .......... .......... .......... .......... .......... 92%  152M 0s
 36600K .......... .......... .......... .......... .......... 92%  132M 0s
 36650K .......... .......... .......... .......... .......... 92%  154M 0s
 36700K .......... .......... .......... .......... .......... 92%  133M 0s
 36750K .......... .......... .......... .......... .......... 92%  155M 0s
 36800K .......... .......... .......... .......... .......... 93% 14.3M 0s
 36850K .......... .......... .......... .......... .......... 93% 71.1M 0s
 36900K .......... .......... .......... .......... .......... 93%  140M 0s
 36950K .......... .......... .......... .......... .......... 93%  123M 0s
 37000K .......... .......... .......... .......... .......... 93%  147M 0s
 37050K .......... .......... .......... .......... .......... 93%  155M 0s
 37100K .......... .......... .......... .......... .......... 93%  133M 0s
 37150K .......... .......... .......... .......... .......... 93%  122M 0s
 37200K .......... .......... .......... .......... .......... 94%  118M 0s
 37250K .......... .......... .......... .......... .......... 94% 71.2M 0s
 37300K .......... .......... .......... .......... .......... 94% 79.2M 0s
 37350K .......... .......... .......... .......... .......... 94%  101M 0s
 37400K .......... .......... .......... .......... .......... 94% 76.4M 0s
 37450K .......... .......... .......... .......... .......... 94% 93.6M 0s
 37500K .......... .......... .......... .......... .......... 94%  130M 0s
 37550K .......... .......... .......... .......... .......... 94%  103M 0s
 37600K .......... .......... .......... .......... .......... 95% 7.29M 0s
 37650K .......... .......... .......... .......... .......... 95% 78.8M 0s
 37700K .......... .......... .......... .......... .......... 95% 83.7M 0s
 37750K .......... .......... .......... .......... .......... 95% 77.4M 0s
 37800K .......... .......... .......... .......... .......... 95%  123M 0s
 37850K .......... .......... .......... .......... .......... 95% 63.3M 0s
 37900K .......... .......... .......... .......... .......... 95%  127M 0s
 37950K .......... .......... .......... .......... .......... 95% 65.4M 0s
 38000K .......... .......... .......... .......... .......... 96%  127M 0s
 38050K .......... .......... .......... .......... .......... 96% 78.0M 0s
 38100K .......... .......... .......... .......... .......... 96% 72.5M 0s
 38150K .......... .......... .......... .......... .......... 96% 84.6M 0s
 38200K .......... .......... .......... .......... .......... 96% 97.8M 0s
 38250K .......... .......... .......... .......... .......... 96% 69.1M 0s
 38300K .......... .......... .......... .......... .......... 96% 96.2M 0s
 38350K .......... .......... .......... .......... .......... 97% 72.0M 0s
 38400K .......... .......... .......... .......... .......... 97% 91.9M 0s
 38450K .......... .......... .......... .......... .......... 97% 97.8M 0s
 38500K .......... .......... .......... .......... .......... 97% 75.9M 0s
 38550K .......... .......... .......... .......... .......... 97% 83.4M 0s
 38600K .......... .......... .......... .......... .......... 97%  105M 0s
 38650K .......... .......... .......... .......... .......... 97% 59.3M 0s
 38700K .......... .......... .......... .......... .......... 97% 93.6M 0s
 38750K .......... .......... .......... .......... .......... 98%  102M 0s
 38800K .......... .......... .......... .......... .......... 98% 81.8M 0s
 38850K .......... .......... .......... .......... .......... 98% 96.3M 0s
 38900K .......... .......... .......... .......... .......... 98% 71.1M 0s
 38950K .......... .......... .......... .......... .......... 98%  129M 0s
 39000K .......... .......... .......... .......... .......... 98% 70.3M 0s
 39050K .......... .......... .......... .......... .......... 98%  112M 0s
 39100K .......... .......... .......... .......... .......... 98%  128M 0s
 39150K .......... .......... .......... .......... .......... 99%  107M 0s
 39200K .......... .......... .......... .......... .......... 99% 95.3M 0s
 39250K .......... .......... .......... .......... .......... 99% 79.1M 0s
 39300K .......... .......... .......... .......... .......... 99% 92.8M 0s
 39350K .......... .......... .......... .......... .......... 99%  114M 0s
 39400K .......... .......... .......... .......... .......... 99%  147M 0s
 39450K .......... .......... .......... .......... .......... 99% 34.4M 0s
 39500K .......... .......... .......... .......... .......... 99%  149M 0s
 39550K .......... .......... .......... .......              100%  138M=0.6s

2024-11-26 21:50:56 (61.8 MB/s) - ‘/data/users/sschaerer/rnaseq_course_files/Mus_musculus.GRCm39.113.gtf.gz’ saved [40537437/40537437]

36220112 reads; of these:
  36220112 (100.00%) were paired; of these:
    2590358 (7.15%) aligned concordantly 0 times
    31437092 (86.79%) aligned concordantly exactly 1 time
    2192662 (6.05%) aligned concordantly >1 times
    ----
    2590358 pairs aligned concordantly 0 times; of these:
      328243 (12.67%) aligned discordantly 1 time
    ----
    2262115 pairs aligned 0 times concordantly or discordantly; of these:
      4524230 mates make up the pairs; of these:
        2431137 (53.74%) aligned 0 times
        1817897 (40.18%) aligned exactly 1 time
        275196 (6.08%) aligned >1 times
96.64% overall alignment rate
[bam_sort_core] merging from 1 files and 16 in-memory blocks...
36285942 reads; of these:
  36285942 (100.00%) were paired; of these:
    2680027 (7.39%) aligned concordantly 0 times
    31539419 (86.92%) aligned concordantly exactly 1 time
    2066496 (5.70%) aligned concordantly >1 times
    ----
    2680027 pairs aligned concordantly 0 times; of these:
      347089 (12.95%) aligned discordantly 1 time
    ----
    2332938 pairs aligned 0 times concordantly or discordantly; of these:
      4665876 mates make up the pairs; of these:
        2412896 (51.71%) aligned 0 times
        1965192 (42.12%) aligned exactly 1 time
        287788 (6.17%) aligned >1 times
96.68% overall alignment rate
[bam_sort_core] merging from 1 files and 16 in-memory blocks...
39982873 reads; of these:
  39982873 (100.00%) were paired; of these:
    5278790 (13.20%) aligned concordantly 0 times
    32384734 (81.00%) aligned concordantly exactly 1 time
    2319349 (5.80%) aligned concordantly >1 times
    ----
    5278790 pairs aligned concordantly 0 times; of these:
      445953 (8.45%) aligned discordantly 1 time
    ----
    4832837 pairs aligned 0 times concordantly or discordantly; of these:
      9665674 mates make up the pairs; of these:
        5376404 (55.62%) aligned 0 times
        3364076 (34.80%) aligned exactly 1 time
        925194 (9.57%) aligned >1 times
93.28% overall alignment rate
[bam_sort_core] merging from 1 files and 16 in-memory blocks...
40592768 reads; of these:
  40592768 (100.00%) were paired; of these:
    3133258 (7.72%) aligned concordantly 0 times
    35165624 (86.63%) aligned concordantly exactly 1 time
    2293886 (5.65%) aligned concordantly >1 times
    ----
    3133258 pairs aligned concordantly 0 times; of these:
      431391 (13.77%) aligned discordantly 1 time
    ----
    2701867 pairs aligned 0 times concordantly or discordantly; of these:
      5403734 mates make up the pairs; of these:
        2772336 (51.30%) aligned 0 times
        2284296 (42.27%) aligned exactly 1 time
        347102 (6.42%) aligned >1 times
96.59% overall alignment rate
[bam_sort_core] merging from 1 files and 16 in-memory blocks...
37737087 reads; of these:
  37737087 (100.00%) were paired; of these:
    2768165 (7.34%) aligned concordantly 0 times
    32784476 (86.88%) aligned concordantly exactly 1 time
    2184446 (5.79%) aligned concordantly >1 times
    ----
    2768165 pairs aligned concordantly 0 times; of these:
      323075 (11.67%) aligned discordantly 1 time
    ----
    2445090 pairs aligned 0 times concordantly or discordantly; of these:
      4890180 mates make up the pairs; of these:
        2533607 (51.81%) aligned 0 times
        2041811 (41.75%) aligned exactly 1 time
        314762 (6.44%) aligned >1 times
96.64% overall alignment rate
[bam_sort_core] merging from 1 files and 16 in-memory blocks...
44881449 reads; of these:
  44881449 (100.00%) were paired; of these:
    2949110 (6.57%) aligned concordantly 0 times
    39207717 (87.36%) aligned concordantly exactly 1 time
    2724622 (6.07%) aligned concordantly >1 times
    ----
    2949110 pairs aligned concordantly 0 times; of these:
      242624 (8.23%) aligned discordantly 1 time
    ----
    2706486 pairs aligned 0 times concordantly or discordantly; of these:
      5412972 mates make up the pairs; of these:
        2875759 (53.13%) aligned 0 times
        2176499 (40.21%) aligned exactly 1 time
        360714 (6.66%) aligned >1 times
96.80% overall alignment rate
[bam_sort_core] merging from 2 files and 16 in-memory blocks...
40988016 reads; of these:
  40988016 (100.00%) were paired; of these:
    2678691 (6.54%) aligned concordantly 0 times
    36571289 (89.22%) aligned concordantly exactly 1 time
    1738036 (4.24%) aligned concordantly >1 times
    ----
    2678691 pairs aligned concordantly 0 times; of these:
      151418 (5.65%) aligned discordantly 1 time
    ----
    2527273 pairs aligned 0 times concordantly or discordantly; of these:
      5054546 mates make up the pairs; of these:
        2827433 (55.94%) aligned 0 times
        1978875 (39.15%) aligned exactly 1 time
        248238 (4.91%) aligned >1 times
96.55% overall alignment rate
[bam_sort_core] merging from 1 files and 16 in-memory blocks...
46697727 reads; of these:
  46697727 (100.00%) were paired; of these:
    2455292 (5.26%) aligned concordantly 0 times
    41091450 (87.99%) aligned concordantly exactly 1 time
    3150985 (6.75%) aligned concordantly >1 times
    ----
    2455292 pairs aligned concordantly 0 times; of these:
      183202 (7.46%) aligned discordantly 1 time
    ----
    2272090 pairs aligned 0 times concordantly or discordantly; of these:
      4544180 mates make up the pairs; of these:
        2395918 (52.72%) aligned 0 times
        1894080 (41.68%) aligned exactly 1 time
        254182 (5.59%) aligned >1 times
97.43% overall alignment rate
[bam_sort_core] merging from 2 files and 16 in-memory blocks...
29659690 reads; of these:
  29659690 (100.00%) were paired; of these:
    2661423 (8.97%) aligned concordantly 0 times
    24887360 (83.91%) aligned concordantly exactly 1 time
    2110907 (7.12%) aligned concordantly >1 times
    ----
    2661423 pairs aligned concordantly 0 times; of these:
      275326 (10.35%) aligned discordantly 1 time
    ----
    2386097 pairs aligned 0 times concordantly or discordantly; of these:
      4772194 mates make up the pairs; of these:
        3038546 (63.67%) aligned 0 times
        1416479 (29.68%) aligned exactly 1 time
        317169 (6.65%) aligned >1 times
94.88% overall alignment rate
[bam_sort_core] merging from 1 files and 16 in-memory blocks...
22228490 reads; of these:
  22228490 (100.00%) were paired; of these:
    1947567 (8.76%) aligned concordantly 0 times
    18695142 (84.10%) aligned concordantly exactly 1 time
    1585781 (7.13%) aligned concordantly >1 times
    ----
    1947567 pairs aligned concordantly 0 times; of these:
      177015 (9.09%) aligned discordantly 1 time
    ----
    1770552 pairs aligned 0 times concordantly or discordantly; of these:
      3541104 mates make up the pairs; of these:
        2140359 (60.44%) aligned 0 times
        1145984 (32.36%) aligned exactly 1 time
        254761 (7.19%) aligned >1 times
95.19% overall alignment rate
[bam_sort_core] merging from 1 files and 16 in-memory blocks...
32968214 reads; of these:
  32968214 (100.00%) were paired; of these:
    2770866 (8.40%) aligned concordantly 0 times
    27846775 (84.47%) aligned concordantly exactly 1 time
    2350573 (7.13%) aligned concordantly >1 times
    ----
    2770866 pairs aligned concordantly 0 times; of these:
      275871 (9.96%) aligned discordantly 1 time
    ----
    2494995 pairs aligned 0 times concordantly or discordantly; of these:
      4989990 mates make up the pairs; of these:
        2988248 (59.88%) aligned 0 times
        1636893 (32.80%) aligned exactly 1 time
        364849 (7.31%) aligned >1 times
95.47% overall alignment rate
[bam_sort_core] merging from 1 files and 16 in-memory blocks...
22952527 reads; of these:
  22952527 (100.00%) were paired; of these:
    1806909 (7.87%) aligned concordantly 0 times
    19487141 (84.90%) aligned concordantly exactly 1 time
    1658477 (7.23%) aligned concordantly >1 times
    ----
    1806909 pairs aligned concordantly 0 times; of these:
      269236 (14.90%) aligned discordantly 1 time
    ----
    1537673 pairs aligned 0 times concordantly or discordantly; of these:
      3075346 mates make up the pairs; of these:
        1697906 (55.21%) aligned 0 times
        1124568 (36.57%) aligned exactly 1 time
        252872 (8.22%) aligned >1 times
96.30% overall alignment rate
[bam_sort_core] merging from 1 files and 16 in-memory blocks...
21144888 reads; of these:
  21144888 (100.00%) were paired; of these:
    1563421 (7.39%) aligned concordantly 0 times
    17952309 (84.90%) aligned concordantly exactly 1 time
    1629158 (7.70%) aligned concordantly >1 times
    ----
    1563421 pairs aligned concordantly 0 times; of these:
      158389 (10.13%) aligned discordantly 1 time
    ----
    1405032 pairs aligned 0 times concordantly or discordantly; of these:
      2810064 mates make up the pairs; of these:
        1696067 (60.36%) aligned 0 times
        913735 (32.52%) aligned exactly 1 time
        200262 (7.13%) aligned >1 times
95.99% overall alignment rate
[bam_sort_core] merging from 1 files and 16 in-memory blocks...
30774869 reads; of these:
  30774869 (100.00%) were paired; of these:
    3779929 (12.28%) aligned concordantly 0 times
    23615054 (76.73%) aligned concordantly exactly 1 time
    3379886 (10.98%) aligned concordantly >1 times
    ----
    3779929 pairs aligned concordantly 0 times; of these:
      241146 (6.38%) aligned discordantly 1 time
    ----
    3538783 pairs aligned 0 times concordantly or discordantly; of these:
      7077566 mates make up the pairs; of these:
        4637408 (65.52%) aligned 0 times
        1882616 (26.60%) aligned exactly 1 time
        557542 (7.88%) aligned >1 times
92.47% overall alignment rate
[bam_sort_core] merging from 1 files and 16 in-memory blocks...
18844848 reads; of these:
  18844848 (100.00%) were paired; of these:
    3653541 (19.39%) aligned concordantly 0 times
    13770671 (73.07%) aligned concordantly exactly 1 time
    1420636 (7.54%) aligned concordantly >1 times
    ----
    3653541 pairs aligned concordantly 0 times; of these:
      159362 (4.36%) aligned discordantly 1 time
    ----
    3494179 pairs aligned 0 times concordantly or discordantly; of these:
      6988358 mates make up the pairs; of these:
        4931526 (70.57%) aligned 0 times
        1574317 (22.53%) aligned exactly 1 time
        482515 (6.90%) aligned >1 times
86.92% overall alignment rate
[bam_sort_core] merging from 0 files and 16 in-memory blocks...
25454472 reads; of these:
  25454472 (100.00%) were paired; of these:
    3760052 (14.77%) aligned concordantly 0 times
    19295129 (75.80%) aligned concordantly exactly 1 time
    2399291 (9.43%) aligned concordantly >1 times
    ----
    3760052 pairs aligned concordantly 0 times; of these:
      229715 (6.11%) aligned discordantly 1 time
    ----
    3530337 pairs aligned 0 times concordantly or discordantly; of these:
      7060674 mates make up the pairs; of these:
        4710179 (66.71%) aligned 0 times
        1810547 (25.64%) aligned exactly 1 time
        539948 (7.65%) aligned >1 times
90.75% overall alignment rate
[bam_sort_core] merging from 1 files and 16 in-memory blocks...
